{"numFailedTestSuites":2,"numFailedTests":6,"numPassedTestSuites":1,"numPassedTests":17,"numPendingTestSuites":0,"numPendingTests":0,"numRuntimeErrorTestSuites":0,"numTodoTests":0,"numTotalTestSuites":3,"numTotalTests":23,"openHandles":[],"snapshot":{"added":0,"didUpdate":false,"failure":false,"filesAdded":0,"filesRemoved":0,"filesRemovedList":[],"filesUnmatched":0,"filesUpdated":0,"matched":0,"total":0,"unchecked":0,"uncheckedKeysByFile":[],"unmatched":0,"updated":0},"startTime":1743016153889,"success":false,"testResults":[{"assertionResults":[{"ancestorTitles":["LoginPage"],"duration":63,"failureDetails":[],"failureMessages":[],"fullName":"LoginPage renders login page with welcome message and Google login button","invocations":1,"location":null,"numPassingAsserts":4,"retryReasons":[],"status":"passed","title":"renders login page with welcome message and Google login button"},{"ancestorTitles":["LoginPage"],"duration":60,"failureDetails":[],"failureMessages":[],"fullName":"LoginPage checks authentication on mount and redirects if valid","invocations":1,"location":null,"numPassingAsserts":3,"retryReasons":[],"status":"passed","title":"checks authentication on mount and redirects if valid"},{"ancestorTitles":["LoginPage"],"duration":1013,"failureDetails":[{"matcherResult":{"message":"\u001b[2mexpect(\u001b[22m\u001b[31mjest.fn()\u001b[39m\u001b[2m).\u001b[22mtoHaveBeenCalledWith\u001b[2m(\u001b[22m\u001b[32m...expected\u001b[39m\u001b[2m)\u001b[22m\n\nExpected: \u001b[32m\"Error during auth check:\"\u001b[39m, \u001b[32mObjectContaining {\"message\": Any<String>}\u001b[39m\n\nNumber of calls: \u001b[31m0\u001b[39m","pass":false}}],"failureMessages":["Error: \u001b[2mexpect(\u001b[22m\u001b[31mjest.fn()\u001b[39m\u001b[2m).\u001b[22mtoHaveBeenCalledWith\u001b[2m(\u001b[22m\u001b[32m...expected\u001b[39m\u001b[2m)\u001b[22m\n\nExpected: \u001b[32m\"Error during auth check:\"\u001b[39m, \u001b[32mObjectContaining {\"message\": Any<String>}\u001b[39m\n\nNumber of calls: \u001b[31m0\u001b[39m\n\nIgnored nodes: comments, script, style\n\u001b[36m<html>\u001b[39m\n  \u001b[36m<head />\u001b[39m\n  \u001b[36m<body>\u001b[39m\n    \u001b[36m<div>\u001b[39m\n      \u001b[36m<div\u001b[39m\n        \u001b[33mclass\u001b[39m=\u001b[32m\"flex items-center justify-center min-h-screen bg-gray-100 px-4 sm:px-6 lg:px-8\"\u001b[39m\n      \u001b[36m>\u001b[39m\n        \u001b[36m<div\u001b[39m\n          \u001b[33mclass\u001b[39m=\u001b[32m\"relative w-full max-w-md bg-white/80 backdrop-blur-lg p-6 sm:p-8 rounded-xl shadow-lg\"\u001b[39m\n        \u001b[36m>\u001b[39m\n          \u001b[36m<div\u001b[39m\n            \u001b[33mclass\u001b[39m=\u001b[32m\"flex justify-center mb-6\"\u001b[39m\n          \u001b[36m>\u001b[39m\n            \u001b[36m<img\u001b[39m\n              \u001b[33malt\u001b[39m=\u001b[32m\"Thai Foods Logo\"\u001b[39m\n              \u001b[33mclass\u001b[39m=\u001b[32m\"w-36 sm:h-auto\"\u001b[39m\n              \u001b[33msrc\u001b[39m=\u001b[32m\"https://i.postimg.cc/sX2ntz2w/Wok-Asian-Food-Logo.png\"\u001b[39m\n            \u001b[36m/>\u001b[39m\n          \u001b[36m</div>\u001b[39m\n          \u001b[36m<h1\u001b[39m\n            \u001b[33mclass\u001b[39m=\u001b[32m\"text-xl sm:text-2xl font-bold text-center text-gray-800 mb-4\"\u001b[39m\n          \u001b[36m>\u001b[39m\n            \u001b[0mWelcome\u001b[0m\n          \u001b[36m</h1>\u001b[39m\n          \u001b[36m<p\u001b[39m\n            \u001b[33mclass\u001b[39m=\u001b[32m\"text-sm sm:text-base text-center text-gray-600 mb-6\"\u001b[39m\n          \u001b[36m>\u001b[39m\n            \u001b[0mSign in to continue\u001b[0m\n          \u001b[36m</p>\u001b[39m\n          \u001b[36m<div\u001b[39m\n            \u001b[33mclass\u001b[39m=\u001b[32m\"space-y-4\"\u001b[39m\n          \u001b[36m/>\u001b[39m\n          \u001b[36m<div\u001b[39m\n            \u001b[33mclass\u001b[39m=\u001b[32m\"flex items-center my-4\"\u001b[39m\n          \u001b[36m>\u001b[39m\n            \u001b[36m<div\u001b[39m\n              \u001b[33mclass\u001b[39m=\u001b[32m\"flex-grow border-t border-gray-300\"\u001b[39m\n            \u001b[36m/>\u001b[39m\n            \u001b[36m<span\u001b[39m\n              \u001b[33mclass\u001b[39m=\u001b[32m\"mx-4 text-gray-400\"\u001b[39m\n            \u001b[36m>\u001b[39m\n              \u001b[0mor\u001b[0m\n            \u001b[36m</span>\u001b[39m\n            \u001b[36m<div\u001b[39m\n              \u001b[33mclass\u001b[39m=\u001b[32m\"flex-grow border-t border-gray-300\"\u001b[39m\n            \u001b[36m/>\u001b[39m\n          \u001b[36m</div>\u001b[39m\n          \u001b[36m<div\u001b[39m\n            \u001b[33mclass\u001b[39m=\u001b[32m\"space-y-4\"\u001b[39m\n          \u001b[36m>\u001b[39m\n            \u001b[36m<button\u001b[39m\n              \u001b[33mclass\u001b[39m=\u001b[32m\"flex items-center justify-center w-full py-2 sm:py-3 px-6 text-gray-600 bg-white border border-gray-300 rounded-md shadow-sm focus:outline-none focus:ring-2 focus:ring-blue-500 transition duration-300 hover:bg-gray-100\"\u001b[39m\n            \u001b[36m>\u001b[39m\n              \u001b[36m<img\u001b[39m\n                \u001b[33malt\u001b[39m=\u001b[32m\"Google Logo\"\u001b[39m\n                \u001b[33mclass\u001b[39m=\u001b[32m\"h-5 w-5 mr-2\"\u001b[39m\n                \u001b[33msrc\u001b[39m=\u001b[32m\"https://lh3.googleusercontent.com/COxitqgJr1sJnIDe8-jiKhxDx1FrYbtRHKJ9z_hELisAlapwE9LUPh6fcXIfb5vwpbMl4xl9H9TRFPc5NOO8Sb3VSgIBrfRYvW6cUA\"\u001b[39m\n              \u001b[36m/>\u001b[39m\n              \u001b[36m<span\u001b[39m\n                \u001b[33mclass\u001b[39m=\u001b[32m\"font-medium\"\u001b[39m\n              \u001b[36m>\u001b[39m\n                \u001b[0mLog in with Google\u001b[0m\n              \u001b[36m</span>\u001b[39m\n            \u001b[36m</button>\u001b[39m\n          \u001b[36m</div>\u001b[39m\n        \u001b[36m</div>\u001b[39m\n      \u001b[36m</div>\u001b[39m\n    \u001b[36m</div>\u001b[39m\n  \u001b[36m</body>\u001b[39m\n\u001b[36m</html>\u001b[39m\n    at toHaveBeenCalledWith (/Users/nolanrobinson/Documents/Project/TF-new-not-MS/tf_frontend/src/__tests__/pages/login.test.js:71:31)\n    at runWithExpensiveErrorDiagnosticsDisabled (/Users/nolanrobinson/Documents/Project/TF-new-not-MS/tf_frontend/node_modules/@testing-library/dom/dist/config.js:47:12)\n    at checkCallback (/Users/nolanrobinson/Documents/Project/TF-new-not-MS/tf_frontend/node_modules/@testing-library/dom/dist/wait-for.js:124:77)\n    at checkRealTimersCallback (/Users/nolanrobinson/Documents/Project/TF-new-not-MS/tf_frontend/node_modules/@testing-library/dom/dist/wait-for.js:118:16)\n    at Timeout.task [as _onTimeout] (/Users/nolanrobinson/Documents/Project/TF-new-not-MS/tf_frontend/node_modules/jsdom/lib/jsdom/browser/Window.js:520:19)\n    at listOnTimeout (node:internal/timers:594:17)\n    at processTimers (node:internal/timers:529:7)"],"fullName":"LoginPage handles auth check error without crashing when user is not logged in","invocations":1,"location":null,"numPassingAsserts":0,"retryReasons":[],"status":"failed","title":"handles auth check error without crashing when user is not logged in"},{"ancestorTitles":["LoginPage"],"duration":17,"failureDetails":[{"matcherResult":{"pass":false,"message":"\u001b[2mexpect(\u001b[22m\u001b[31melement\u001b[39m\u001b[2m).toBeDisabled()\u001b[22m\n\nReceived element is not disabled:\n  \u001b[31m<span class=\"font-medium\" />\u001b[39m"}}],"failureMessages":["Error: \u001b[2mexpect(\u001b[22m\u001b[31melement\u001b[39m\u001b[2m).toBeDisabled()\u001b[22m\n\nReceived element is not disabled:\n  \u001b[31m<span class=\"font-medium\" />\u001b[39m\n    at toBeDisabled (/Users/nolanrobinson/Documents/Project/TF-new-not-MS/tf_frontend/src/__tests__/pages/login.test.js:89:25)\n    at call (/Users/nolanrobinson/Documents/Project/TF-new-not-MS/tf_frontend/src/__tests__/pages/login.test.js:2:1)\n    at Generator.tryCatch (/Users/nolanrobinson/Documents/Project/TF-new-not-MS/tf_frontend/src/__tests__/pages/login.test.js:2:1)\n    at Generator._invoke [as next] (/Users/nolanrobinson/Documents/Project/TF-new-not-MS/tf_frontend/src/__tests__/pages/login.test.js:2:1)\n    at asyncGeneratorStep (/Users/nolanrobinson/Documents/Project/TF-new-not-MS/tf_frontend/src/__tests__/pages/login.test.js:2:1)\n    at asyncGeneratorStep (/Users/nolanrobinson/Documents/Project/TF-new-not-MS/tf_frontend/src/__tests__/pages/login.test.js:2:1)\n    at _next (/Users/nolanrobinson/Documents/Project/TF-new-not-MS/tf_frontend/src/__tests__/pages/login.test.js:2:1)\n    at new Promise (<anonymous>)\n    at Object.<anonymous> (/Users/nolanrobinson/Documents/Project/TF-new-not-MS/tf_frontend/src/__tests__/pages/login.test.js:2:1)\n    at Promise.then.completed (/Users/nolanrobinson/Documents/Project/TF-new-not-MS/tf_frontend/node_modules/jest-circus/build/utils.js:298:28)\n    at new Promise (<anonymous>)\n    at callAsyncCircusFn (/Users/nolanrobinson/Documents/Project/TF-new-not-MS/tf_frontend/node_modules/jest-circus/build/utils.js:231:10)\n    at _callCircusTest (/Users/nolanrobinson/Documents/Project/TF-new-not-MS/tf_frontend/node_modules/jest-circus/build/run.js:316:40)\n    at _runTest (/Users/nolanrobinson/Documents/Project/TF-new-not-MS/tf_frontend/node_modules/jest-circus/build/run.js:252:3)\n    at _runTestsForDescribeBlock (/Users/nolanrobinson/Documents/Project/TF-new-not-MS/tf_frontend/node_modules/jest-circus/build/run.js:126:9)\n    at _runTestsForDescribeBlock (/Users/nolanrobinson/Documents/Project/TF-new-not-MS/tf_frontend/node_modules/jest-circus/build/run.js:121:9)\n    at run (/Users/nolanrobinson/Documents/Project/TF-new-not-MS/tf_frontend/node_modules/jest-circus/build/run.js:71:3)\n    at runAndTransformResultsToJestFormat (/Users/nolanrobinson/Documents/Project/TF-new-not-MS/tf_frontend/node_modules/jest-circus/build/legacy-code-todo-rewrite/jestAdapterInit.js:122:21)\n    at jestAdapter (/Users/nolanrobinson/Documents/Project/TF-new-not-MS/tf_frontend/node_modules/jest-circus/build/legacy-code-todo-rewrite/jestAdapter.js:79:19)\n    at runTestInternal (/Users/nolanrobinson/Documents/Project/TF-new-not-MS/tf_frontend/node_modules/jest-runner/build/runTest.js:367:16)\n    at runTest (/Users/nolanrobinson/Documents/Project/TF-new-not-MS/tf_frontend/node_modules/jest-runner/build/runTest.js:444:34)\n    at Object.worker (/Users/nolanrobinson/Documents/Project/TF-new-not-MS/tf_frontend/node_modules/jest-runner/build/testWorker.js:106:12)"],"fullName":"LoginPage handles Google login button click","invocations":1,"location":null,"numPassingAsserts":1,"retryReasons":[],"status":"failed","title":"handles Google login button click"},{"ancestorTitles":["LoginPage"],"duration":17,"failureDetails":[],"failureMessages":[],"fullName":"LoginPage displays error message when login fails","invocations":1,"location":null,"numPassingAsserts":3,"retryReasons":[],"status":"passed","title":"displays error message when login fails"},{"ancestorTitles":["LoginPage"],"duration":8,"failureDetails":[{"matcherResult":{"pass":false,"message":"\u001b[2mexpect(\u001b[22m\u001b[31melement\u001b[39m\u001b[2m).toHaveClass(\u001b[22m\u001b[32m\u001b[32m\"cursor-not-allowed opacity-50\"\u001b[39m\u001b[32m\u001b[39m\u001b[2m)\u001b[22m\n\nExpected the element to have class:\n\u001b[32m  cursor-not-allowed opacity-50\u001b[39m\nReceived:\n\u001b[31m  font-medium\u001b[39m"}}],"failureMessages":["Error: \u001b[2mexpect(\u001b[22m\u001b[31melement\u001b[39m\u001b[2m).toHaveClass(\u001b[22m\u001b[32m\u001b[32m\"cursor-not-allowed opacity-50\"\u001b[39m\u001b[32m\u001b[39m\u001b[2m)\u001b[22m\n\nExpected the element to have class:\n\u001b[32m  cursor-not-allowed opacity-50\u001b[39m\nReceived:\n\u001b[31m  font-medium\u001b[39m\n    at Object.toHaveClass (/Users/nolanrobinson/Documents/Project/TF-new-not-MS/tf_frontend/src/__tests__/pages/login.test.js:122:25)\n    at Promise.then.completed (/Users/nolanrobinson/Documents/Project/TF-new-not-MS/tf_frontend/node_modules/jest-circus/build/utils.js:298:28)\n    at new Promise (<anonymous>)\n    at callAsyncCircusFn (/Users/nolanrobinson/Documents/Project/TF-new-not-MS/tf_frontend/node_modules/jest-circus/build/utils.js:231:10)\n    at _callCircusTest (/Users/nolanrobinson/Documents/Project/TF-new-not-MS/tf_frontend/node_modules/jest-circus/build/run.js:316:40)\n    at _runTest (/Users/nolanrobinson/Documents/Project/TF-new-not-MS/tf_frontend/node_modules/jest-circus/build/run.js:252:3)\n    at _runTestsForDescribeBlock (/Users/nolanrobinson/Documents/Project/TF-new-not-MS/tf_frontend/node_modules/jest-circus/build/run.js:126:9)\n    at _runTestsForDescribeBlock (/Users/nolanrobinson/Documents/Project/TF-new-not-MS/tf_frontend/node_modules/jest-circus/build/run.js:121:9)\n    at run (/Users/nolanrobinson/Documents/Project/TF-new-not-MS/tf_frontend/node_modules/jest-circus/build/run.js:71:3)\n    at runAndTransformResultsToJestFormat (/Users/nolanrobinson/Documents/Project/TF-new-not-MS/tf_frontend/node_modules/jest-circus/build/legacy-code-todo-rewrite/jestAdapterInit.js:122:21)\n    at jestAdapter (/Users/nolanrobinson/Documents/Project/TF-new-not-MS/tf_frontend/node_modules/jest-circus/build/legacy-code-todo-rewrite/jestAdapter.js:79:19)\n    at runTestInternal (/Users/nolanrobinson/Documents/Project/TF-new-not-MS/tf_frontend/node_modules/jest-runner/build/runTest.js:367:16)\n    at runTest (/Users/nolanrobinson/Documents/Project/TF-new-not-MS/tf_frontend/node_modules/jest-runner/build/runTest.js:444:34)\n    at Object.worker (/Users/nolanrobinson/Documents/Project/TF-new-not-MS/tf_frontend/node_modules/jest-runner/build/testWorker.js:106:12)"],"fullName":"LoginPage shows loading state while logging in","invocations":1,"location":null,"numPassingAsserts":1,"retryReasons":[],"status":"failed","title":"shows loading state while logging in"},{"ancestorTitles":["LoginPage"],"duration":8,"failureDetails":[],"failureMessages":[],"fullName":"LoginPage renders logo image correctly","invocations":1,"location":null,"numPassingAsserts":2,"retryReasons":[],"status":"passed","title":"renders logo image correctly"}],"endTime":1743016158063,"message":"\u001b[1m\u001b[31m  \u001b[1m● \u001b[22m\u001b[1mLoginPage › handles auth check error without crashing when user is not logged in\u001b[39m\u001b[22m\n\n    \u001b[2mexpect(\u001b[22m\u001b[31mjest.fn()\u001b[39m\u001b[2m).\u001b[22mtoHaveBeenCalledWith\u001b[2m(\u001b[22m\u001b[32m...expected\u001b[39m\u001b[2m)\u001b[22m\n\n    Expected: \u001b[32m\"Error during auth check:\"\u001b[39m, \u001b[32mObjectContaining {\"message\": Any<String>}\u001b[39m\n\n    Number of calls: \u001b[31m0\u001b[39m\n\n    Ignored nodes: comments, script, style\n    \u001b[36m<html>\u001b[39m\n      \u001b[36m<head />\u001b[39m\n      \u001b[36m<body>\u001b[39m\n        \u001b[36m<div>\u001b[39m\n          \u001b[36m<div\u001b[39m\n            \u001b[33mclass\u001b[39m=\u001b[32m\"flex items-center justify-center min-h-screen bg-gray-100 px-4 sm:px-6 lg:px-8\"\u001b[39m\n          \u001b[36m>\u001b[39m\n            \u001b[36m<div\u001b[39m\n              \u001b[33mclass\u001b[39m=\u001b[32m\"relative w-full max-w-md bg-white/80 backdrop-blur-lg p-6 sm:p-8 rounded-xl shadow-lg\"\u001b[39m\n            \u001b[36m>\u001b[39m\n              \u001b[36m<div\u001b[39m\n                \u001b[33mclass\u001b[39m=\u001b[32m\"flex justify-center mb-6\"\u001b[39m\n              \u001b[36m>\u001b[39m\n                \u001b[36m<img\u001b[39m\n                  \u001b[33malt\u001b[39m=\u001b[32m\"Thai Foods Logo\"\u001b[39m\n                  \u001b[33mclass\u001b[39m=\u001b[32m\"w-36 sm:h-auto\"\u001b[39m\n                  \u001b[33msrc\u001b[39m=\u001b[32m\"https://i.postimg.cc/sX2ntz2w/Wok-Asian-Food-Logo.png\"\u001b[39m\n                \u001b[36m/>\u001b[39m\n              \u001b[36m</div>\u001b[39m\n              \u001b[36m<h1\u001b[39m\n                \u001b[33mclass\u001b[39m=\u001b[32m\"text-xl sm:text-2xl font-bold text-center text-gray-800 mb-4\"\u001b[39m\n              \u001b[36m>\u001b[39m\n                \u001b[0mWelcome\u001b[0m\n              \u001b[36m</h1>\u001b[39m\n              \u001b[36m<p\u001b[39m\n                \u001b[33mclass\u001b[39m=\u001b[32m\"text-sm sm:text-base text-center text-gray-600 mb-6\"\u001b[39m\n              \u001b[36m>\u001b[39m\n                \u001b[0mSign in to continue\u001b[0m\n              \u001b[36m</p>\u001b[39m\n              \u001b[36m<div\u001b[39m\n                \u001b[33mclass\u001b[39m=\u001b[32m\"space-y-4\"\u001b[39m\n              \u001b[36m/>\u001b[39m\n              \u001b[36m<div\u001b[39m\n                \u001b[33mclass\u001b[39m=\u001b[32m\"flex items-center my-4\"\u001b[39m\n              \u001b[36m>\u001b[39m\n                \u001b[36m<div\u001b[39m\n                  \u001b[33mclass\u001b[39m=\u001b[32m\"flex-grow border-t border-gray-300\"\u001b[39m\n                \u001b[36m/>\u001b[39m\n                \u001b[36m<span\u001b[39m\n                  \u001b[33mclass\u001b[39m=\u001b[32m\"mx-4 text-gray-400\"\u001b[39m\n                \u001b[36m>\u001b[39m\n                  \u001b[0mor\u001b[0m\n                \u001b[36m</span>\u001b[39m\n                \u001b[36m<div\u001b[39m\n                  \u001b[33mclass\u001b[39m=\u001b[32m\"flex-grow border-t border-gray-300\"\u001b[39m\n                \u001b[36m/>\u001b[39m\n              \u001b[36m</div>\u001b[39m\n              \u001b[36m<div\u001b[39m\n                \u001b[33mclass\u001b[39m=\u001b[32m\"space-y-4\"\u001b[39m\n              \u001b[36m>\u001b[39m\n                \u001b[36m<button\u001b[39m\n                  \u001b[33mclass\u001b[39m=\u001b[32m\"flex items-center justify-center w-full py-2 sm:py-3 px-6 text-gray-600 bg-white border border-gray-300 rounded-md shadow-sm focus:outline-none focus:ring-2 focus:ring-blue-500 transition duration-300 hover:bg-gray-100\"\u001b[39m\n                \u001b[36m>\u001b[39m\n                  \u001b[36m<img\u001b[39m\n                    \u001b[33malt\u001b[39m=\u001b[32m\"Google Logo\"\u001b[39m\n                    \u001b[33mclass\u001b[39m=\u001b[32m\"h-5 w-5 mr-2\"\u001b[39m\n                    \u001b[33msrc\u001b[39m=\u001b[32m\"https://lh3.googleusercontent.com/COxitqgJr1sJnIDe8-jiKhxDx1FrYbtRHKJ9z_hELisAlapwE9LUPh6fcXIfb5vwpbMl4xl9H9TRFPc5NOO8Sb3VSgIBrfRYvW6cUA\"\u001b[39m\n                  \u001b[36m/>\u001b[39m\n                  \u001b[36m<span\u001b[39m\n                    \u001b[33mclass\u001b[39m=\u001b[32m\"font-medium\"\u001b[39m\n                  \u001b[36m>\u001b[39m\n                    \u001b[0mLog in with Google\u001b[0m\n                  \u001b[36m</span>\u001b[39m\n                \u001b[36m</button>\u001b[39m\n              \u001b[36m</div>\u001b[39m\n            \u001b[36m</div>\u001b[39m\n          \u001b[36m</div>\u001b[39m\n        \u001b[36m</div>\u001b[39m\n      \u001b[36m</body>\u001b[39m\n    \u001b[36m</html>\u001b[39m\n\u001b[2m\u001b[22m\n\u001b[2m    \u001b[0m \u001b[90m 69 |\u001b[39m\u001b[22m\n\u001b[2m     \u001b[90m 70 |\u001b[39m     \u001b[36mawait\u001b[39m waitFor(() \u001b[33m=>\u001b[39m {\u001b[22m\n\u001b[2m    \u001b[31m\u001b[1m>\u001b[22m\u001b[2m\u001b[39m\u001b[90m 71 |\u001b[39m       expect(consoleErrorSpy)\u001b[33m.\u001b[39mtoHaveBeenCalledWith(\u001b[22m\n\u001b[2m     \u001b[90m    |\u001b[39m                               \u001b[31m\u001b[1m^\u001b[22m\u001b[2m\u001b[39m\u001b[22m\n\u001b[2m     \u001b[90m 72 |\u001b[39m         \u001b[32m'Error during auth check:'\u001b[39m\u001b[33m,\u001b[39m\u001b[22m\n\u001b[2m     \u001b[90m 73 |\u001b[39m         expect\u001b[33m.\u001b[39mobjectContaining({ message\u001b[33m:\u001b[39m expect\u001b[33m.\u001b[39many(\u001b[33mString\u001b[39m) })\u001b[22m\n\u001b[2m     \u001b[90m 74 |\u001b[39m       )\u001b[33m;\u001b[39m\u001b[0m\u001b[22m\n\u001b[2m\u001b[22m\n\u001b[2m      \u001b[2mat toHaveBeenCalledWith (\u001b[22m\u001b[2m\u001b[0m\u001b[36msrc/__tests__/pages/login.test.js\u001b[39m\u001b[0m\u001b[2m:71:31)\u001b[22m\u001b[2m\u001b[22m\n\u001b[2m      \u001b[2mat runWithExpensiveErrorDiagnosticsDisabled (\u001b[22m\u001b[2mnode_modules/@testing-library/dom/dist/config.js\u001b[2m:47:12)\u001b[22m\u001b[2m\u001b[22m\n\u001b[2m      \u001b[2mat checkCallback (\u001b[22m\u001b[2mnode_modules/@testing-library/dom/dist/wait-for.js\u001b[2m:124:77)\u001b[22m\u001b[2m\u001b[22m\n\u001b[2m      \u001b[2mat checkRealTimersCallback (\u001b[22m\u001b[2mnode_modules/@testing-library/dom/dist/wait-for.js\u001b[2m:118:16)\u001b[22m\u001b[2m\u001b[22m\n\u001b[2m      \u001b[2mat Timeout.task [as _onTimeout] (\u001b[22m\u001b[2mnode_modules/jsdom/lib/jsdom/browser/Window.js\u001b[2m:520:19)\u001b[22m\u001b[2m\u001b[22m\n\n\u001b[1m\u001b[31m  \u001b[1m● \u001b[22m\u001b[1mLoginPage › handles Google login button click\u001b[39m\u001b[22m\n\n    \u001b[2mexpect(\u001b[22m\u001b[31melement\u001b[39m\u001b[2m).toBeDisabled()\u001b[22m\n\n    Received element is not disabled:\n      \u001b[31m<span class=\"font-medium\" />\u001b[39m\n\u001b[2m\u001b[22m\n\u001b[2m    \u001b[0m \u001b[90m 87 |\u001b[39m\u001b[22m\n\u001b[2m     \u001b[90m 88 |\u001b[39m     expect(screen\u001b[33m.\u001b[39mgetByText(\u001b[32m'Logging in...'\u001b[39m))\u001b[33m.\u001b[39mtoBeInTheDocument()\u001b[33m;\u001b[39m\u001b[22m\n\u001b[2m    \u001b[31m\u001b[1m>\u001b[22m\u001b[2m\u001b[39m\u001b[90m 89 |\u001b[39m     expect(loginButton)\u001b[33m.\u001b[39mtoBeDisabled()\u001b[33m;\u001b[39m\u001b[22m\n\u001b[2m     \u001b[90m    |\u001b[39m                         \u001b[31m\u001b[1m^\u001b[22m\u001b[2m\u001b[39m\u001b[22m\n\u001b[2m     \u001b[90m 90 |\u001b[39m     expect(window\u001b[33m.\u001b[39mopen)\u001b[33m.\u001b[39mtoHaveBeenCalledWith(\u001b[22m\n\u001b[2m     \u001b[90m 91 |\u001b[39m       \u001b[32m`${process.env.NEXT_PUBLIC_BACK_END_URL}/auth/login`\u001b[39m\u001b[22m\n\u001b[2m     \u001b[90m 92 |\u001b[39m     )\u001b[33m;\u001b[39m\u001b[0m\u001b[22m\n\u001b[2m\u001b[22m\n\u001b[2m      \u001b[2mat toBeDisabled (\u001b[22m\u001b[2m\u001b[0m\u001b[36msrc/__tests__/pages/login.test.js\u001b[39m\u001b[0m\u001b[2m:89:25)\u001b[22m\u001b[2m\u001b[22m\n\u001b[2m      \u001b[2mat call (\u001b[22m\u001b[2m\u001b[0m\u001b[36msrc/__tests__/pages/login.test.js\u001b[39m\u001b[0m\u001b[2m:2:1)\u001b[22m\u001b[2m\u001b[22m\n\u001b[2m      \u001b[2mat Generator.tryCatch (\u001b[22m\u001b[2m\u001b[0m\u001b[36msrc/__tests__/pages/login.test.js\u001b[39m\u001b[0m\u001b[2m:2:1)\u001b[22m\u001b[2m\u001b[22m\n\u001b[2m      \u001b[2mat Generator._invoke [as next] (\u001b[22m\u001b[2m\u001b[0m\u001b[36msrc/__tests__/pages/login.test.js\u001b[39m\u001b[0m\u001b[2m:2:1)\u001b[22m\u001b[2m\u001b[22m\n\u001b[2m      \u001b[2mat asyncGeneratorStep (\u001b[22m\u001b[2m\u001b[0m\u001b[36msrc/__tests__/pages/login.test.js\u001b[39m\u001b[0m\u001b[2m:2:1)\u001b[22m\u001b[2m\u001b[22m\n\u001b[2m      \u001b[2mat asyncGeneratorStep (\u001b[22m\u001b[2m\u001b[0m\u001b[36msrc/__tests__/pages/login.test.js\u001b[39m\u001b[0m\u001b[2m:2:1)\u001b[22m\u001b[2m\u001b[22m\n\u001b[2m      \u001b[2mat _next (\u001b[22m\u001b[2m\u001b[0m\u001b[36msrc/__tests__/pages/login.test.js\u001b[39m\u001b[0m\u001b[2m:2:1)\u001b[22m\u001b[2m\u001b[22m\n\u001b[2m      \u001b[2mat Object.<anonymous> (\u001b[22m\u001b[2m\u001b[0m\u001b[36msrc/__tests__/pages/login.test.js\u001b[39m\u001b[0m\u001b[2m:2:1)\u001b[22m\u001b[2m\u001b[22m\n\n\u001b[1m\u001b[31m  \u001b[1m● \u001b[22m\u001b[1mLoginPage › shows loading state while logging in\u001b[39m\u001b[22m\n\n    \u001b[2mexpect(\u001b[22m\u001b[31melement\u001b[39m\u001b[2m).toHaveClass(\u001b[22m\u001b[32m\u001b[32m\"cursor-not-allowed opacity-50\"\u001b[39m\u001b[32m\u001b[39m\u001b[2m)\u001b[22m\n\n    Expected the element to have class:\n    \u001b[32m  cursor-not-allowed opacity-50\u001b[39m\n    Received:\n    \u001b[31m  font-medium\u001b[39m\n\u001b[2m\u001b[22m\n\u001b[2m    \u001b[0m \u001b[90m 120 |\u001b[39m     \u001b[22m\n\u001b[2m     \u001b[90m 121 |\u001b[39m     expect(screen\u001b[33m.\u001b[39mgetByText(\u001b[32m'Logging in...'\u001b[39m))\u001b[33m.\u001b[39mtoBeInTheDocument()\u001b[33m;\u001b[39m\u001b[22m\n\u001b[2m    \u001b[31m\u001b[1m>\u001b[22m\u001b[2m\u001b[39m\u001b[90m 122 |\u001b[39m     expect(loginButton)\u001b[33m.\u001b[39mtoHaveClass(\u001b[32m'cursor-not-allowed opacity-50'\u001b[39m)\u001b[33m;\u001b[39m\u001b[22m\n\u001b[2m     \u001b[90m     |\u001b[39m                         \u001b[31m\u001b[1m^\u001b[22m\u001b[2m\u001b[39m\u001b[22m\n\u001b[2m     \u001b[90m 123 |\u001b[39m     expect(loginButton)\u001b[33m.\u001b[39mtoBeDisabled()\u001b[33m;\u001b[39m\u001b[22m\n\u001b[2m     \u001b[90m 124 |\u001b[39m   })\u001b[33m;\u001b[39m\u001b[22m\n\u001b[2m     \u001b[90m 125 |\u001b[39m\u001b[0m\u001b[22m\n\u001b[2m\u001b[22m\n\u001b[2m      \u001b[2mat Object.toHaveClass (\u001b[22m\u001b[2m\u001b[0m\u001b[36msrc/__tests__/pages/login.test.js\u001b[39m\u001b[0m\u001b[2m:122:25)\u001b[22m\u001b[2m\u001b[22m\n","name":"/Users/nolanrobinson/Documents/Project/TF-new-not-MS/tf_frontend/src/__tests__/pages/login.test.js","startTime":1743016155404,"status":"failed","summary":""},{"assertionResults":[{"ancestorTitles":["GeneratePage"],"duration":238,"failureDetails":[],"failureMessages":[],"fullName":"GeneratePage renders the generate page with initial UI elements","invocations":1,"location":null,"numPassingAsserts":4,"retryReasons":[],"status":"passed","title":"renders the generate page with initial UI elements"},{"ancestorTitles":["GeneratePage"],"duration":62,"failureDetails":[],"failureMessages":[],"fullName":"GeneratePage updates prompt input value","invocations":1,"location":null,"numPassingAsserts":1,"retryReasons":[],"status":"passed","title":"updates prompt input value"},{"ancestorTitles":["GeneratePage"],"duration":71,"failureDetails":[],"failureMessages":[],"fullName":"GeneratePage enables generate button when prompt is provided","invocations":1,"location":null,"numPassingAsserts":2,"retryReasons":[],"status":"passed","title":"enables generate button when prompt is provided"},{"ancestorTitles":["GeneratePage"],"duration":125,"failureDetails":[],"failureMessages":[],"fullName":"GeneratePage handles successful recipe generation and navigation","invocations":1,"location":null,"numPassingAsserts":4,"retryReasons":[],"status":"passed","title":"handles successful recipe generation and navigation"},{"ancestorTitles":["GeneratePage"],"duration":89,"failureDetails":[],"failureMessages":[],"fullName":"GeneratePage detects and displays error when recipe is not safe from generate API","invocations":1,"location":null,"numPassingAsserts":3,"retryReasons":[],"status":"passed","title":"detects and displays error when recipe is not safe from generate API"},{"ancestorTitles":["GeneratePage"],"duration":85,"failureDetails":[],"failureMessages":[],"fullName":"GeneratePage detects and displays error when recipe is not safe from parse API","invocations":1,"location":null,"numPassingAsserts":3,"retryReasons":[],"status":"passed","title":"detects and displays error when recipe is not safe from parse API"},{"ancestorTitles":["GeneratePage"],"duration":143,"failureDetails":[],"failureMessages":[],"fullName":"GeneratePage detects unauthorized access and shows login dialog","invocations":1,"location":null,"numPassingAsserts":2,"retryReasons":[],"status":"passed","title":"detects unauthorized access and shows login dialog"},{"ancestorTitles":["GeneratePage"],"duration":82,"failureDetails":[],"failureMessages":[],"fullName":"GeneratePage detects fetch errors and retries up to max attempts","invocations":1,"location":null,"numPassingAsserts":2,"retryReasons":[],"status":"passed","title":"detects fetch errors and retries up to max attempts"}],"endTime":1743016159045,"message":"","name":"/Users/nolanrobinson/Documents/Project/TF-new-not-MS/tf_frontend/src/__tests__/pages/generateai.test.js","startTime":1743016155404,"status":"passed","summary":""},{"assertionResults":[{"ancestorTitles":["AvailableRecipesPage"],"duration":91,"failureDetails":[],"failureMessages":[],"fullName":"AvailableRecipesPage renders loading state initially","invocations":1,"location":null,"numPassingAsserts":1,"retryReasons":[],"status":"passed","title":"renders loading state initially"},{"ancestorTitles":["AvailableRecipesPage"],"duration":31,"failureDetails":[],"failureMessages":[],"fullName":"AvailableRecipesPage displays error message when fetch fails","invocations":1,"location":null,"numPassingAsserts":2,"retryReasons":[],"status":"passed","title":"displays error message when fetch fails"},{"ancestorTitles":["AvailableRecipesPage"],"duration":18,"failureDetails":[],"failureMessages":[],"fullName":"AvailableRecipesPage displays no recipes message when none are available","invocations":1,"location":null,"numPassingAsserts":2,"retryReasons":[],"status":"passed","title":"displays no recipes message when none are available"},{"ancestorTitles":["AvailableRecipesPage"],"duration":1036,"failureDetails":[{"name":"TestingLibraryElementError"}],"failureMessages":["Error: Unable to find role=\"combobox\" and name `/category/i`\n\nIgnored nodes: comments, script, style\n\u001b[36m<body>\u001b[39m\n  \u001b[36m<div>\u001b[39m\n    \u001b[36m<div\u001b[39m\n      \u001b[33mclass\u001b[39m=\u001b[32m\"MuiBox-root css-6peeud\"\u001b[39m\n    \u001b[36m>\u001b[39m\n      \u001b[36m<h4\u001b[39m\n        \u001b[33mclass\u001b[39m=\u001b[32m\"MuiTypography-root MuiTypography-h4 css-1nryzpx-MuiTypography-root\"\u001b[39m\n      \u001b[36m>\u001b[39m\n        \u001b[0mAvailable Recipes\u001b[0m\n      \u001b[36m</h4>\u001b[39m\n      \u001b[36m<div\u001b[39m\n        \u001b[33mclass\u001b[39m=\u001b[32m\"MuiBox-root css-p5boax\"\u001b[39m\n      \u001b[36m>\u001b[39m\n        \u001b[36m<div\u001b[39m\n          \u001b[33mclass\u001b[39m=\u001b[32m\"MuiFormControl-root css-1lo99t4-MuiFormControl-root\"\u001b[39m\n        \u001b[36m>\u001b[39m\n          \u001b[36m<label\u001b[39m\n            \u001b[33mclass\u001b[39m=\u001b[32m\"MuiFormLabel-root MuiInputLabel-root MuiInputLabel-formControl MuiInputLabel-animated MuiInputLabel-sizeMedium MuiInputLabel-outlined MuiFormLabel-colorPrimary MuiInputLabel-root MuiInputLabel-formControl MuiInputLabel-animated MuiInputLabel-sizeMedium MuiInputLabel-outlined css-19qnlrw-MuiFormLabel-root-MuiInputLabel-root\"\u001b[39m\n            \u001b[33mdata-shrink\u001b[39m=\u001b[32m\"false\"\u001b[39m\n          \u001b[36m>\u001b[39m\n            \u001b[0mCategory\u001b[0m\n          \u001b[36m</label>\u001b[39m\n          \u001b[36m<div\u001b[39m\n            \u001b[33mclass\u001b[39m=\u001b[32m\"MuiInputBase-root MuiOutlinedInput-root MuiInputBase-colorPrimary MuiInputBase-formControl css-sc8y68-MuiInputBase-root-MuiOutlinedInput-root-MuiSelect-root\"\u001b[39m\n          \u001b[36m>\u001b[39m\n            \u001b[36m<div\u001b[39m\n              \u001b[33maria-controls\u001b[39m=\u001b[32m\":r0:\"\u001b[39m\n              \u001b[33maria-expanded\u001b[39m=\u001b[32m\"false\"\u001b[39m\n              \u001b[33maria-haspopup\u001b[39m=\u001b[32m\"listbox\"\u001b[39m\n              \u001b[33mclass\u001b[39m=\u001b[32m\"MuiSelect-select MuiSelect-outlined MuiInputBase-input MuiOutlinedInput-input css-w76bbz-MuiSelect-select-MuiInputBase-input-MuiOutlinedInput-input\"\u001b[39m\n              \u001b[33mrole\u001b[39m=\u001b[32m\"combobox\"\u001b[39m\n              \u001b[33mtabindex\u001b[39m=\u001b[32m\"0\"\u001b[39m\n            \u001b[36m>\u001b[39m\n              \u001b[36m<span\u001b[39m\n                \u001b[33maria-hidden\u001b[39m=\u001b[32m\"true\"\u001b[39m\n                \u001b[33mclass\u001b[39m=\u001b[32m\"notranslate\"\u001b[39m\n              \u001b[36m>\u001b[39m\n                \u001b[0m​\u001b[0m\n              \u001b[36m</span>\u001b[39m\n            \u001b[36m</div>\u001b[39m\n            \u001b[36m<input\u001b[39m\n              \u001b[33maria-hidden\u001b[39m=\u001b[32m\"true\"\u001b[39m\n              \u001b[33maria-invalid\u001b[39m=\u001b[32m\"false\"\u001b[39m\n              \u001b[33mclass\u001b[39m=\u001b[32m\"MuiSelect-nativeInput css-j0riat-MuiSelect-nativeInput\"\u001b[39m\n              \u001b[33mtabindex\u001b[39m=\u001b[32m\"-1\"\u001b[39m\n              \u001b[33mvalue\u001b[39m=\u001b[32m\"\"\u001b[39m\n            \u001b[36m/>\u001b[39m\n            \u001b[36m<svg\u001b[39m\n              \u001b[33maria-hidden\u001b[39m=\u001b[32m\"true\"\u001b[39m\n              \u001b[33mclass\u001b[39m=\u001b[32m\"MuiSvgIcon-root MuiSvgIcon-fontSizeMedium MuiSelect-icon MuiSelect-iconOutlined css-lohd6h-MuiSvgIcon-root-MuiSelect-icon\"\u001b[39m\n              \u001b[33mdata-testid\u001b[39m=\u001b[32m\"ArrowDropDownIcon\"\u001b[39m\n              \u001b[33mfocusable\u001b[39m=\u001b[32m\"false\"\u001b[39m\n              \u001b[33mviewBox\u001b[39m=\u001b[32m\"0 0 24 24\"\u001b[39m\n            \u001b[36m>\u001b[39m\n              \u001b[36m<path\u001b[39m\n                \u001b[33md\u001b[39m=\u001b[32m\"M7 10l5 5 5-5z\"\u001b[39m\n              \u001b[36m/>\u001b[39m\n            \u001b[36m</svg>\u001b[39m\n            \u001b[36m<fieldset\u001b[39m\n              \u001b[33maria-hidden\u001b[39m=\u001b[32m\"true\"\u001b[39m\n              \u001b[33mclass\u001b[39m=\u001b[32m\"MuiOutlinedInput-notchedOutline css-1ll44ll-MuiOutlinedInput-notchedOutline\"\u001b[39m\n            \u001b[36m>\u001b[39m\n              \u001b[36m<legend\u001b[39m\n                \u001b[33mclass\u001b[39m=\u001b[32m\"css-81qg8w\"\u001b[39m\n              \u001b[36m>\u001b[39m\n                \u001b[36m<span>\u001b[39m\n                  \u001b[0mCategory\u001b[0m\n                \u001b[36m</span>\u001b[39m\n              \u001b[36m</legend>\u001b[39m\n            \u001b[36m</fieldset>\u001b[39m\n          \u001b[36m</div>\u001b[39m\n        \u001b[36m</div>\u001b[39m\n        \u001b[36m<div\u001b[39m\n          \u001b[33mclass\u001b[39m=\u001b[32m\"MuiFormControl-root css-1lo99t4-MuiFormControl-root\"\u001b[39m\n        \u001b[36m>\u001b[39m\n          \u001b[36m<label\u001b[39m\n            \u001b[33mclass\u001b[39m=\u001b[32m\"MuiFormLabel-root MuiInputLabel-root MuiInputLabel-formControl MuiInputLabel-animated MuiInputLabel-sizeMedium MuiInputLabel-outlined MuiFormLabel-colorPrimary MuiInputLabel-root MuiInputLabel-formControl MuiInputLabel-animated MuiInputLabel-sizeMedium MuiInputLabel-outlined css-19qnlrw-MuiFormLabel-root-MuiInputLabel-root\"\u001b[39m\n            \u001b[33mdata-shrink\u001b[39m=\u001b[32m\"false\"\u001b[39m\n          \u001b[36m>\u001b[39m\n            \u001b[0mTag\u001b[0m\n          \u001b[36m</label>\u001b[39m\n          \u001b[36m<div\u001b[39m\n            \u001b[33mclass\u001b[39m=\u001b[32m\"MuiInputBase-root MuiOutlinedInput-root MuiInputBase-colorPrimary MuiInputBase-formControl css-sc8y68-MuiInputBase-root-MuiOutlinedInput-root-MuiSelect-root\"\u001b[39m\n          \u001b[36m>\u001b[39m\n            \u001b[36m<div\u001b[39m\n              \u001b[33maria-controls\u001b[39m=\u001b[32m\":r1:\"\u001b[39m\n              \u001b[33maria-expanded\u001b[39m=\u001b[32m\"false\"\u001b[39m\n              \u001b[33maria-haspopup\u001b[39m=\u001b[32m\"listbox\"\u001b[39m\n              \u001b[33mclass\u001b[39m=\u001b[32m\"MuiSelect-select MuiSelect-outlined MuiInputBase-input MuiOutlinedInput-input css-w76bbz-MuiSelect-select-MuiInputBase-input-MuiOutlinedInput-input\"\u001b[39m\n              \u001b[33mrole\u001b[39m=\u001b[32m\"combobox\"\u001b[39m\n              \u001b[33mtabindex\u001b[39m=\u001b[32m\"0\"\u001b[39m\n            \u001b[36m>\u001b[39m\n              \u001b[36m<span\u001b[39m\n                \u001b[33maria-hidden\u001b[39m=\u001b[32m\"true\"\u001b[39m\n                \u001b[33mclass\u001b[39m=\u001b[32m\"notranslate\"\u001b[39m\n              \u001b[36m>\u001b[39m\n                \u001b[0m​\u001b[0m\n              \u001b[36m</span>\u001b[39m\n            \u001b[36m</div>\u001b[39m\n            \u001b[36m<input\u001b[39m\n              \u001b[33maria-hidden\u001b[39m=\u001b[32m\"true\"\u001b[39m\n              \u001b[33maria-invalid\u001b[39m=\u001b[32m\"false\"\u001b[39m\n              \u001b[33mclass\u001b[39m=\u001b[32m\"MuiSelect-nativeInput css-j0riat-MuiSelect-nativeInput\"\u001b[39m\n              \u001b[33mtabindex\u001b[39m=\u001b[32m\"-1\"\u001b[39m\n              \u001b[33mvalue\u001b[39m=\u001b[32m\"\"\u001b[39m\n            \u001b[36m/>\u001b[39m\n            \u001b[36m<svg\u001b[39m\n              \u001b[33maria-hidden\u001b[39m=\u001b[32m\"true\"\u001b[39m\n              \u001b[33mclass\u001b[39m=\u001b[32m\"MuiSvgIcon-root MuiSvgIcon-fontSizeMedium MuiSelect-icon MuiSelect-iconOutlined css-lohd6h-MuiSvgIcon-root-MuiSelect-icon\"\u001b[39m\n              \u001b[33mdata-testid\u001b[39m=\u001b[32m\"ArrowDropDownIcon\"\u001b[39m\n              \u001b[33mfocusable\u001b[39m=\u001b[32m\"false\"\u001b[39m\n              \u001b[33mviewBox\u001b[39m=\u001b[32m\"0 0 24 24\"\u001b[39m\n            \u001b[36m>\u001b[39m\n              \u001b[36m<path\u001b[39m\n                \u001b[33md\u001b[39m=\u001b[32m\"M7 10l5 5 5-5z\"\u001b[39m\n              \u001b[36m/>\u001b[39m\n            \u001b[36m</svg>\u001b[39m\n            \u001b[36m<fieldset\u001b[39m\n              \u001b[33maria-hidden\u001b[39m=\u001b[32m\"true\"\u001b[39m\n              \u001b[33mclass\u001b[39m=\u001b[32m\"MuiOutlinedInput-notchedOutline css-1ll44ll-MuiOutlinedInput-notchedOutline\"\u001b[39m\n            \u001b[36m>\u001b[39m\n              \u001b[36m<legend\u001b[39m\n                \u001b[33mclass\u001b[39m=\u001b[32m\"css-81qg8w\"\u001b[39m\n              \u001b[36m>\u001b[39m\n                \u001b[36m<span>\u001b[39m\n                  \u001b[0mTag\u001b[0m\n                \u001b[36m</span>\u001b[39m\n              \u001b[36m</legend>\u001b[39m\n            \u001b[36m</fieldset>\u001b[39m\n          \u001b[36m</div>\u001b[39m\n        \u001b[36m</div>\u001b[39m\n      \u001b[36m</div>\u001b[39m\n      \u001b[36m<div\u001b[39m\n        \u001b[33mclass\u001b[39m=\u001b[32m\"MuiGrid-root MuiGrid-container MuiGrid-spacing-xs-2 css-11nsb57-MuiGrid-root\"\u001b[39m\n      \u001b[36m>\u001b[39m\n        \u001b[36m<div\u001b[39m\n          \u001b[33mclass\u001b[39m=\u001b[32m\"MuiGrid-root MuiGrid-item MuiGrid-grid-xs-12 Mui...\n    at waitForWrapper (/Users/nolanrobinson/Documents/Project/TF-new-not-MS/tf_frontend/node_modules/@testing-library/dom/dist/wait-for.js:163:27)\n    at _callee3$ (/Users/nolanrobinson/Documents/Project/TF-new-not-MS/tf_frontend/src/__tests__/pages/available_recipes.test.js:109:18)\n    at call (/Users/nolanrobinson/Documents/Project/TF-new-not-MS/tf_frontend/src/__tests__/pages/available_recipes.test.js:2:1)\n    at Generator.tryCatch (/Users/nolanrobinson/Documents/Project/TF-new-not-MS/tf_frontend/src/__tests__/pages/available_recipes.test.js:2:1)\n    at Generator._invoke [as next] (/Users/nolanrobinson/Documents/Project/TF-new-not-MS/tf_frontend/src/__tests__/pages/available_recipes.test.js:2:1)\n    at asyncGeneratorStep (/Users/nolanrobinson/Documents/Project/TF-new-not-MS/tf_frontend/src/__tests__/pages/available_recipes.test.js:2:1)\n    at asyncGeneratorStep (/Users/nolanrobinson/Documents/Project/TF-new-not-MS/tf_frontend/src/__tests__/pages/available_recipes.test.js:2:1)\n    at _next (/Users/nolanrobinson/Documents/Project/TF-new-not-MS/tf_frontend/src/__tests__/pages/available_recipes.test.js:2:1)\n    at new Promise (<anonymous>)\n    at Object.<anonymous> (/Users/nolanrobinson/Documents/Project/TF-new-not-MS/tf_frontend/src/__tests__/pages/available_recipes.test.js:2:1)\n    at Promise.then.completed (/Users/nolanrobinson/Documents/Project/TF-new-not-MS/tf_frontend/node_modules/jest-circus/build/utils.js:298:28)\n    at new Promise (<anonymous>)\n    at callAsyncCircusFn (/Users/nolanrobinson/Documents/Project/TF-new-not-MS/tf_frontend/node_modules/jest-circus/build/utils.js:231:10)\n    at _callCircusTest (/Users/nolanrobinson/Documents/Project/TF-new-not-MS/tf_frontend/node_modules/jest-circus/build/run.js:316:40)\n    at _runTest (/Users/nolanrobinson/Documents/Project/TF-new-not-MS/tf_frontend/node_modules/jest-circus/build/run.js:252:3)\n    at _runTestsForDescribeBlock (/Users/nolanrobinson/Documents/Project/TF-new-not-MS/tf_frontend/node_modules/jest-circus/build/run.js:126:9)\n    at _runTestsForDescribeBlock (/Users/nolanrobinson/Documents/Project/TF-new-not-MS/tf_frontend/node_modules/jest-circus/build/run.js:121:9)\n    at run (/Users/nolanrobinson/Documents/Project/TF-new-not-MS/tf_frontend/node_modules/jest-circus/build/run.js:71:3)\n    at runAndTransformResultsToJestFormat (/Users/nolanrobinson/Documents/Project/TF-new-not-MS/tf_frontend/node_modules/jest-circus/build/legacy-code-todo-rewrite/jestAdapterInit.js:122:21)\n    at jestAdapter (/Users/nolanrobinson/Documents/Project/TF-new-not-MS/tf_frontend/node_modules/jest-circus/build/legacy-code-todo-rewrite/jestAdapter.js:79:19)\n    at runTestInternal (/Users/nolanrobinson/Documents/Project/TF-new-not-MS/tf_frontend/node_modules/jest-runner/build/runTest.js:367:16)\n    at runTest (/Users/nolanrobinson/Documents/Project/TF-new-not-MS/tf_frontend/node_modules/jest-runner/build/runTest.js:444:34)\n    at Object.worker (/Users/nolanrobinson/Documents/Project/TF-new-not-MS/tf_frontend/node_modules/jest-runner/build/testWorker.js:106:12)"],"fullName":"AvailableRecipesPage renders recipes with filters when data is available","invocations":1,"location":null,"numPassingAsserts":70,"retryReasons":[],"status":"failed","title":"renders recipes with filters when data is available"},{"ancestorTitles":["AvailableRecipesPage"],"duration":611,"failureDetails":[{"name":"TestingLibraryElementError"}],"failureMessages":["TestingLibraryElementError: Unable to find an accessible element with the role \"combobox\" and name `/category/i`\n\nHere are the accessible roles:\n\n  heading:\n\n  Name \"Available Recipes\":\n  \u001b[36m<h4\u001b[39m\n    \u001b[33mclass\u001b[39m=\u001b[32m\"MuiTypography-root MuiTypography-h4 css-1nryzpx-MuiTypography-root\"\u001b[39m\n  \u001b[36m/>\u001b[39m\n\n  Name \"Spicy Basil Chicken\":\n  \u001b[36m<h6\u001b[39m\n    \u001b[33mclass\u001b[39m=\u001b[32m\"MuiTypography-root MuiTypography-h6 css-h9fkkg-MuiTypography-root\"\u001b[39m\n  \u001b[36m/>\u001b[39m\n\n  Name \"Vegan Chocolate Cake\":\n  \u001b[36m<h6\u001b[39m\n    \u001b[33mclass\u001b[39m=\u001b[32m\"MuiTypography-root MuiTypography-h6 css-h9fkkg-MuiTypography-root\"\u001b[39m\n  \u001b[36m/>\u001b[39m\n\n  --------------------------------------------------\n  combobox:\n\n  Name \"\":\n  \u001b[36m<div\u001b[39m\n    \u001b[33maria-controls\u001b[39m=\u001b[32m\":r2:\"\u001b[39m\n    \u001b[33maria-expanded\u001b[39m=\u001b[32m\"false\"\u001b[39m\n    \u001b[33maria-haspopup\u001b[39m=\u001b[32m\"listbox\"\u001b[39m\n    \u001b[33mclass\u001b[39m=\u001b[32m\"MuiSelect-select MuiSelect-outlined MuiInputBase-input MuiOutlinedInput-input css-w76bbz-MuiSelect-select-MuiInputBase-input-MuiOutlinedInput-input\"\u001b[39m\n    \u001b[33mrole\u001b[39m=\u001b[32m\"combobox\"\u001b[39m\n    \u001b[33mtabindex\u001b[39m=\u001b[32m\"0\"\u001b[39m\n  \u001b[36m/>\u001b[39m\n\n  Name \"\":\n  \u001b[36m<div\u001b[39m\n    \u001b[33maria-controls\u001b[39m=\u001b[32m\":r3:\"\u001b[39m\n    \u001b[33maria-expanded\u001b[39m=\u001b[32m\"false\"\u001b[39m\n    \u001b[33maria-haspopup\u001b[39m=\u001b[32m\"listbox\"\u001b[39m\n    \u001b[33mclass\u001b[39m=\u001b[32m\"MuiSelect-select MuiSelect-outlined MuiInputBase-input MuiOutlinedInput-input css-w76bbz-MuiSelect-select-MuiInputBase-input-MuiOutlinedInput-input\"\u001b[39m\n    \u001b[33mrole\u001b[39m=\u001b[32m\"combobox\"\u001b[39m\n    \u001b[33mtabindex\u001b[39m=\u001b[32m\"0\"\u001b[39m\n  \u001b[36m/>\u001b[39m\n\n  --------------------------------------------------\n  img:\n\n  Name \"Spicy Basil Chicken\":\n  \u001b[36m<img\u001b[39m\n    \u001b[33malt\u001b[39m=\u001b[32m\"Spicy Basil Chicken\"\u001b[39m\n    \u001b[33mclass\u001b[39m=\u001b[32m\"MuiCardMedia-root MuiCardMedia-media MuiCardMedia-img css-7r0uv5-MuiCardMedia-root\"\u001b[39m\n    \u001b[33msrc\u001b[39m=\u001b[32m\"https://example.com/spicy-basil.jpg\"\u001b[39m\n  \u001b[36m/>\u001b[39m\n\n  Name \"Vegan Chocolate Cake\":\n  \u001b[36m<img\u001b[39m\n    \u001b[33malt\u001b[39m=\u001b[32m\"Vegan Chocolate Cake\"\u001b[39m\n    \u001b[33mclass\u001b[39m=\u001b[32m\"MuiCardMedia-root MuiCardMedia-media MuiCardMedia-img css-7r0uv5-MuiCardMedia-root\"\u001b[39m\n    \u001b[33msrc\u001b[39m=\u001b[32m\"https://example.com/cake.jpg\"\u001b[39m\n  \u001b[36m/>\u001b[39m\n\n  --------------------------------------------------\n  paragraph:\n\n  Name \"\":\n  \u001b[36m<p\u001b[39m\n    \u001b[33mclass\u001b[39m=\u001b[32m\"MuiTypography-root MuiTypography-body2 css-1a1whku-MuiTypography-root\"\u001b[39m\n  \u001b[36m/>\u001b[39m\n\n  Name \"\":\n  \u001b[36m<p\u001b[39m\n    \u001b[33mclass\u001b[39m=\u001b[32m\"MuiTypography-root MuiTypography-body2 css-1a1whku-MuiTypography-root\"\u001b[39m\n  \u001b[36m/>\u001b[39m\n\n  Name \"\":\n  \u001b[36m<p\u001b[39m\n    \u001b[33mclass\u001b[39m=\u001b[32m\"MuiTypography-root MuiTypography-body2 css-1a1whku-MuiTypography-root\"\u001b[39m\n  \u001b[36m/>\u001b[39m\n\n  Name \"\":\n  \u001b[36m<p\u001b[39m\n    \u001b[33mclass\u001b[39m=\u001b[32m\"MuiTypography-root MuiTypography-body2 css-1a1whku-MuiTypography-root\"\u001b[39m\n  \u001b[36m/>\u001b[39m\n\n  --------------------------------------------------\n  button:\n\n  Name \"spicy\":\n  \u001b[36m<div\u001b[39m\n    \u001b[33mclass\u001b[39m=\u001b[32m\"MuiButtonBase-root MuiChip-root MuiChip-filled MuiChip-sizeMedium MuiChip-colorDefault MuiChip-clickable MuiChip-clickableColorDefault MuiChip-filledDefault css-bjajlz-MuiButtonBase-root-MuiChip-root\"\u001b[39m\n    \u001b[33mrole\u001b[39m=\u001b[32m\"button\"\u001b[39m\n    \u001b[33mtabindex\u001b[39m=\u001b[32m\"0\"\u001b[39m\n  \u001b[36m/>\u001b[39m\n\n  Name \"chicken\":\n  \u001b[36m<div\u001b[39m\n    \u001b[33mclass\u001b[39m=\u001b[32m\"MuiButtonBase-root MuiChip-root MuiChip-filled MuiChip-sizeMedium MuiChip-colorDefault MuiChip-clickable MuiChip-clickableColorDefault MuiChip-filledDefault css-bjajlz-MuiButtonBase-root-MuiChip-root\"\u001b[39m\n    \u001b[33mrole\u001b[39m=\u001b[32m\"button\"\u001b[39m\n    \u001b[33mtabindex\u001b[39m=\u001b[32m\"0\"\u001b[39m\n  \u001b[36m/>\u001b[39m\n\n  Name \"View Recipe\":\n  \u001b[36m<button\u001b[39m\n    \u001b[33mclass\u001b[39m=\u001b[32m\"MuiButtonBase-root MuiButton-root MuiButton-outlined MuiButton-outlinedPrimary MuiButton-sizeSmall MuiButton-outlinedSizeSmall MuiButton-colorPrimary MuiButton-root MuiButton-outlined MuiButton-outlinedPrimary MuiButton-sizeSmall MuiButton-outlinedSizeSmall MuiButton-colorPrimary css-8o0s0w-MuiButtonBase-root-MuiButton-root\"\u001b[39m\n    \u001b[33mtabindex\u001b[39m=\u001b[32m\"0\"\u001b[39m\n    \u001b[33mtype\u001b[39m=\u001b[32m\"button\"\u001b[39m\n  \u001b[36m/>\u001b[39m\n\n  Name \"vegan\":\n  \u001b[36m<div\u001b[39m\n    \u001b[33mclass\u001b[39m=\u001b[32m\"MuiButtonBase-root MuiChip-root MuiChip-filled MuiChip-sizeMedium MuiChip-colorDefault MuiChip-clickable MuiChip-clickableColorDefault MuiChip-filledDefault css-bjajlz-MuiButtonBase-root-MuiChip-root\"\u001b[39m\n    \u001b[33mrole\u001b[39m=\u001b[32m\"button\"\u001b[39m\n    \u001b[33mtabindex\u001b[39m=\u001b[32m\"0\"\u001b[39m\n  \u001b[36m/>\u001b[39m\n\n  Name \"sweet\":\n  \u001b[36m<div\u001b[39m\n    \u001b[33mclass\u001b[39m=\u001b[32m\"MuiButtonBase-root MuiChip-root MuiChip-filled MuiChip-sizeMedium MuiChip-colorDefault MuiChip-clickable MuiChip-clickableColorDefault MuiChip-filledDefault css-bjajlz-MuiButtonBase-root-MuiChip-root\"\u001b[39m\n    \u001b[33mrole\u001b[39m=\u001b[32m\"button\"\u001b[39m\n    \u001b[33mtabindex\u001b[39m=\u001b[32m\"0\"\u001b[39m\n  \u001b[36m/>\u001b[39m\n\n  Name \"View Recipe\":\n  \u001b[36m<button\u001b[39m\n    \u001b[33mclass\u001b[39m=\u001b[32m\"MuiButtonBase-root MuiButton-root MuiButton-outlined MuiButton-outlinedPrimary MuiButton-sizeSmall MuiButton-outlinedSizeSmall MuiButton-colorPrimary MuiButton-root MuiButton-outlined MuiButton-outlinedPrimary MuiButton-sizeSmall MuiButton-outlinedSizeSmall MuiButton-colorPrimary css-8o0s0w-MuiButtonBase-root-MuiButton-root\"\u001b[39m\n    \u001b[33mtabindex\u001b[39m=\u001b[32m\"0\"\u001b[39m\n    \u001b[33mtype\u001b[39m=\u001b[32m\"button\"\u001b[39m\n  \u001b[36m/>\u001b[39m\n\n  --------------------------------------------------\n\nIgnored nodes: comments, script, style\n\u001b[36m<body>\u001b[39m\n  \u001b[36m<div>\u001b[39m\n    \u001b[36m<div\u001b[39m\n      \u001b[33mclass\u001b[39m=\u001b[32m\"MuiBox-root css-6peeud\"\u001b[39m\n    \u001b[36m>\u001b[39m\n      \u001b[36m<h4\u001b[39m\n        \u001b[33mclass\u001b[39m=\u001b[32m\"MuiTypography-root MuiTypography-h4 css-1nryzpx-MuiTypography-root\"\u001b[39m\n      \u001b[36m>\u001b[39m\n        \u001b[0mAvailable Recipes\u001b[0m\n      \u001b[36m</h4>\u001b[39m\n      \u001b[36m<div\u001b[39m\n        \u001b[33mclass\u001b[39m=\u001b[32m\"MuiBox-root css-p5boax\"\u001b[39m\n      \u001b[36m>\u001b[39m\n        \u001b[36m<div\u001b[39m\n          \u001b[33mclass\u001b[39m=\u001b[32m\"MuiFormControl-root css-1lo99t4-MuiFormControl-root\"\u001b[39m\n        \u001b[36m>\u001b[39m\n          \u001b[36m<label\u001b[39m\n            \u001b[33mclass\u001b[39m=\u001b[32m\"MuiFormLabel-root MuiInputLabel-root MuiInputLabel-formControl MuiInputLabel-animated MuiInputLabel-sizeMedium MuiInputLabel-outlined MuiFormLabel-colorPrimary MuiInputLabel-root MuiInputLabel-formControl MuiInputLabel-animated MuiInputLabel-sizeMedium MuiInputLabel-outlined css-19qnlrw-MuiFormLabel-root-MuiInputLabel-root\"\u001b[39m\n            \u001b[33mdata-shrink\u001b[39m=\u001b[32m\"false\"\u001b[39m\n          \u001b[36m>\u001b[39m\n            \u001b[0mCategory\u001b[0m\n          \u001b[36m</label>\u001b[39m\n          \u001b[36m<div\u001b[39m\n            \u001b[33mclass\u001b[39m=\u001b[32m\"MuiInputBase-root MuiOutlinedInput-root MuiInputBase-colorPrimary MuiInputBase-formControl css-sc8y68-MuiInputBase-root-MuiOutlinedInput-root-MuiSelect-root\"\u001b[39m\n          \u001b[36m>\u001b[39m\n            \u001b[36m<div\u001b[39m\n              \u001b[33maria-controls\u001b[39m=\u001b[32m\":r2:\"\u001b[39m\n              \u001b[33maria-expanded\u001b[39m=\u001b[32m\"false\"\u001b[39m\n              \u001b[33maria-haspopup\u001b[39m=\u001b[32m\"listbox\"\u001b[39m\n              \u001b[33mclass\u001b[39m=\u001b[32m\"MuiSelect-select MuiSelect-outlined MuiInputBase-input MuiOutlinedInput-input css-w76bbz-MuiSelect-select-MuiInputBase-input-MuiOutlinedInput-input\"\u001b[39m\n              \u001b[33mrole\u001b[39m=\u001b[32m\"combobox\"\u001b[39m\n              \u001b[33mtabindex\u001b[39m=\u001b[32m\"0\"\u001b[39m\n            \u001b[36m>\u001b[39m\n              \u001b[36m<span\u001b[39m\n                \u001b[33maria-hidden\u001b[39m=\u001b[32m\"true\"\u001b[39m\n                \u001b[33mclass\u001b[39m=\u001b[32m\"notranslate\"\u001b[39m\n              \u001b[36m>\u001b[39m\n                \u001b[0m​\u001b[0m\n              \u001b[36m</span>\u001b[39m\n            \u001b[36m</div>\u001b[39m\n            \u001b[36m<input\u001b[39m\n              \u001b[33maria-hidden\u001b[39m=\u001b[32m\"true\"\u001b[39m\n              \u001b[33maria-invalid\u001b[39m=\u001b[32m\"false\"\u001b[39m\n              \u001b[33mclass\u001b[39m=\u001b[32m\"MuiSelect-nativeInput css-j0riat-MuiSelect-nativeInput\"\u001b[39m\n              \u001b[33mtabindex\u001b[39m=\u001b[32m\"-1\"\u001b[39m\n              \u001b[33mvalue\u001b[39m=\u001b[32m\"\"\u001b[39m\n            \u001b[36m/>\u001b[39m\n            \u001b[36m<svg\u001b[39m\n              \u001b[33maria-hidden\u001b[39m=\u001b[32m\"true\"\u001b[39m\n              \u001b[33mclass\u001b[39m=\u001b[32m\"MuiSvgIcon-root MuiSvgIcon-fontSizeMedium MuiSelect-icon MuiSelect-iconOutlined css-lohd6h-MuiSvgIcon-root-MuiSelect-icon\"\u001b[39m\n              \u001b[33mdata-testid\u001b[39m=\u001b[32m\"ArrowDropDownIcon\"\u001b[39m\n              \u001b[33mfocusable\u001b[39m=\u001b[32m\"false\"\u001b[39m\n              \u001b[33mviewBox\u001b[39m=\u001b[32m\"0 0 24 24\"\u001b[39m\n            \u001b[36m>\u001b[39m\n              \u001b[36m<path\u001b[39m\n                \u001b[33md\u001b[39m=\u001b[32m\"M7 10l5 5 5-5z\"\u001b[39m\n              \u001b[36m/>\u001b[39m\n            \u001b[36m</svg>\u001b[39m\n            \u001b[36m<fieldset\u001b[39m\n              \u001b[33maria-hidden\u001b[39m=\u001b[32m\"true\"\u001b[39m\n              \u001b[33mclass\u001b[39m=\u001b[32m\"MuiOutlinedInput-notchedOutline css-1ll44ll-MuiOutlinedInput-notchedOutline\"\u001b[39m\n            \u001b[36m>\u001b[39m\n              \u001b[36m<legend\u001b[39m\n                \u001b[33mclass\u001b[39m=\u001b[32m\"css-81qg8w\"\u001b[39m\n              \u001b[36m>\u001b[39m\n                \u001b[36m<span>\u001b[39m\n                  \u001b[0mCategory\u001b[0m\n                \u001b[36m</span>\u001b[39m\n              \u001b[36m</legend>\u001b[39m\n            \u001b[36m</fieldset>\u001b[39m\n          \u001b[36m</div>\u001b[39m\n        \u001b[36m</div>\u001b[39m\n        \u001b[36m<div\u001b[39m\n          \u001b[33mclass\u001b[39m=\u001b[32m\"MuiFormControl-root css-1lo99t4-MuiFormControl-root\"\u001b[39m\n        \u001b[36m>\u001b[39m\n          \u001b[36m<label\u001b[39m\n            \u001b[33mclass\u001b[39m=\u001b[32m\"MuiFormLabel-root MuiInputLabel-root MuiInputLabel-formControl MuiInputLabel-animated MuiInputLabel-sizeMedium MuiInputLabel-outlined MuiFormLabel-colorPrimary MuiInputLabel-root MuiInputLabel-formControl MuiInputLabel-animated MuiInputLabel-sizeMedium MuiInputLabel-outlined css-19qnlrw-MuiFormLabel-root-MuiInputLabel-root\"\u001b[39m\n            \u001b[33mdata-shrink\u001b[39m=\u001b[32m\"false\"\u001b[39m\n          \u001b[36m>\u001b[39m\n            \u001b[0mTag\u001b[0m\n          \u001b[36m</label>\u001b[39m\n          \u001b[36m<div\u001b[39m\n            \u001b[33mclass\u001b[39m=\u001b[32m\"MuiInputBase-root MuiOutlinedInput-root MuiInputBase-colorPrimary MuiInputBase-formControl css-sc8y68-MuiInputBase-root-MuiOutlinedInput-root-MuiSelect-root\"\u001b[39m\n          \u001b[36m>\u001b[39m\n            \u001b[36m<div\u001b[39m\n              \u001b[33maria-controls\u001b[39m=\u001b[32m\":r3:\"\u001b[39m\n              \u001b[33maria-expanded\u001b[39m=\u001b[32m\"false\"\u001b[39m\n              \u001b[33maria-haspopup\u001b[39m=\u001b[32m\"listbox\"\u001b[39m\n              \u001b[33mclass\u001b[39m=\u001b[32m\"MuiSelect-select MuiSelect-outlined MuiInputBase-input MuiOutlinedInput-input css-w76bbz-MuiSelect-select-MuiInputBase-input-MuiOutlinedInput-input\"\u001b[39m\n              \u001b[33mrole\u001b[39m=\u001b[32m\"combobox\"\u001b[39m\n              \u001b[33mtabindex\u001b[39m=\u001b[32m\"0\"\u001b[39m\n            \u001b[36m>\u001b[39m\n              \u001b[36m<span\u001b[39m\n                \u001b[33maria-hidden\u001b[39m=\u001b[32m\"true\"\u001b[39m\n                \u001b[33mclass\u001b[39m=\u001b[32m\"notranslate\"\u001b[39m\n              \u001b[36m>\u001b[39m\n                \u001b[0m​\u001b[0m\n              \u001b[36m</span>\u001b[39m\n            \u001b[36m</div>\u001b[39m\n            \u001b[36m<input\u001b[39m\n              \u001b[33maria-hidden\u001b[39m=\u001b[32m\"true\"\u001b[39m\n              \u001b[33maria-invalid\u001b[39m=\u001b[32m\"false\"\u001b[39m\n              \u001b[33mclass\u001b[39m=\u001b[32m\"MuiSelect-nativeInput css-j0riat-MuiSelect-nativeInput\"\u001b[39m\n              \u001b[33mtabindex\u001b[39m=\u001b[32m\"-1\"\u001b[39m\n              \u001b[33mvalue\u001b[39m=\u001b[32m\"\"\u001b[39m\n            \u001b[36m/>\u001b[39m\n            \u001b[36m<svg\u001b[39m\n              \u001b[33maria-hidden\u001b[39m=\u001b[32m\"true\"\u001b[39m\n              \u001b[33mclass\u001b[39m=\u001b[32m\"MuiSvgIcon-root MuiSvgIcon-fontSizeMedium MuiSelect-icon MuiSelect-iconOutlined css-lohd6h-MuiSvgIcon-root-MuiSelect-icon\"\u001b[39m\n              \u001b[33mdata-testid\u001b[39m=\u001b[32m\"ArrowDropDownIcon\"\u001b[39m\n              \u001b[33mfocusable\u001b[39m=\u001b[32m\"false\"\u001b[39m\n              \u001b[33mviewBox\u001b[39m=\u001b[32m\"0 0 24 24\"\u001b[39m\n            \u001b[36m>\u001b[39m\n              \u001b[36m<path\u001b[39m\n                \u001b[33md\u001b[39m=\u001b[32m\"M7 10l5 5 5-5z\"\u001b[39m\n              \u001b[36m/>\u001b[39m\n            \u001b[36m</svg>\u001b[39m\n            \u001b[36m<fieldset\u001b[39m\n              \u001b[33maria-hidden\u001b[39m=\u001b[32m\"true\"\u001b[39m\n              \u001b[33mclass\u001b[39m=\u001b[32m\"MuiOutlinedInput-notchedOutline css-1ll44ll-MuiOutlinedInput-notchedOutline\"\u001b[39m\n            \u001b[36m>\u001b[39m\n              \u001b[36m<legend\u001b[39m\n                \u001b[33mclass\u001b[39m=\u001b[32m\"css-81qg8w\"\u001b[39m\n              \u001b[36m>\u001b[39m\n                \u001b[36m<span>\u001b[39m\n                  \u001b[0mTag\u001b[0m\n                \u001b[36m</span>\u001b[39m\n              \u001b[36m</legend>\u001b[39m\n            \u001b[36m</fieldset>\u001b[39m\n          \u001b[36m</div>\u001b[39m\n        \u001b[36m</div>\u001b[39m\n      \u001b[36m</div>\u001b[39m\n      \u001b[36m<div\u001b[39m\n        \u001b[33mclass\u001b[39m=\u001b[32m\"MuiGrid-root MuiGrid-container MuiGrid-spacing-xs-2 css-11nsb57-MuiGrid-root\"\u001b[39m\n      \u001b[36m>\u001b[39m\n        \u001b[36m<div\u001b[39m\n          \u001b[33mclass\u001b[39m=\u001b[32m\"MuiGrid-root MuiGrid-item MuiGrid-grid-xs-12 Mui...\n    at Object.getElementError (/Users/nolanrobinson/Documents/Project/TF-new-not-MS/tf_frontend/node_modules/@testing-library/dom/dist/config.js:37:19)\n    at /Users/nolanrobinson/Documents/Project/TF-new-not-MS/tf_frontend/node_modules/@testing-library/dom/dist/query-helpers.js:76:38\n    at /Users/nolanrobinson/Documents/Project/TF-new-not-MS/tf_frontend/node_modules/@testing-library/dom/dist/query-helpers.js:52:17\n    at /Users/nolanrobinson/Documents/Project/TF-new-not-MS/tf_frontend/node_modules/@testing-library/dom/dist/query-helpers.js:95:19\n    at getByRole (/Users/nolanrobinson/Documents/Project/TF-new-not-MS/tf_frontend/src/__tests__/pages/available_recipes.test.js:147:35)\n    at call (/Users/nolanrobinson/Documents/Project/TF-new-not-MS/tf_frontend/src/__tests__/pages/available_recipes.test.js:2:1)\n    at Generator.tryCatch (/Users/nolanrobinson/Documents/Project/TF-new-not-MS/tf_frontend/src/__tests__/pages/available_recipes.test.js:2:1)\n    at Generator._invoke [as next] (/Users/nolanrobinson/Documents/Project/TF-new-not-MS/tf_frontend/src/__tests__/pages/available_recipes.test.js:2:1)\n    at asyncGeneratorStep (/Users/nolanrobinson/Documents/Project/TF-new-not-MS/tf_frontend/src/__tests__/pages/available_recipes.test.js:2:1)\n    at asyncGeneratorStep (/Users/nolanrobinson/Documents/Project/TF-new-not-MS/tf_frontend/src/__tests__/pages/available_recipes.test.js:2:1)"],"fullName":"AvailableRecipesPage filters recipes by category","invocations":1,"location":null,"numPassingAsserts":1,"retryReasons":[],"status":"failed","title":"filters recipes by category"},{"ancestorTitles":["AvailableRecipesPage"],"duration":609,"failureDetails":[{"name":"TestingLibraryElementError"}],"failureMessages":["TestingLibraryElementError: Unable to find an accessible element with the role \"combobox\" and name `/tag/i`\n\nHere are the accessible roles:\n\n  heading:\n\n  Name \"Available Recipes\":\n  \u001b[36m<h4\u001b[39m\n    \u001b[33mclass\u001b[39m=\u001b[32m\"MuiTypography-root MuiTypography-h4 css-1nryzpx-MuiTypography-root\"\u001b[39m\n  \u001b[36m/>\u001b[39m\n\n  Name \"Spicy Basil Chicken\":\n  \u001b[36m<h6\u001b[39m\n    \u001b[33mclass\u001b[39m=\u001b[32m\"MuiTypography-root MuiTypography-h6 css-h9fkkg-MuiTypography-root\"\u001b[39m\n  \u001b[36m/>\u001b[39m\n\n  Name \"Vegan Chocolate Cake\":\n  \u001b[36m<h6\u001b[39m\n    \u001b[33mclass\u001b[39m=\u001b[32m\"MuiTypography-root MuiTypography-h6 css-h9fkkg-MuiTypography-root\"\u001b[39m\n  \u001b[36m/>\u001b[39m\n\n  --------------------------------------------------\n  combobox:\n\n  Name \"\":\n  \u001b[36m<div\u001b[39m\n    \u001b[33maria-controls\u001b[39m=\u001b[32m\":r4:\"\u001b[39m\n    \u001b[33maria-expanded\u001b[39m=\u001b[32m\"false\"\u001b[39m\n    \u001b[33maria-haspopup\u001b[39m=\u001b[32m\"listbox\"\u001b[39m\n    \u001b[33mclass\u001b[39m=\u001b[32m\"MuiSelect-select MuiSelect-outlined MuiInputBase-input MuiOutlinedInput-input css-w76bbz-MuiSelect-select-MuiInputBase-input-MuiOutlinedInput-input\"\u001b[39m\n    \u001b[33mrole\u001b[39m=\u001b[32m\"combobox\"\u001b[39m\n    \u001b[33mtabindex\u001b[39m=\u001b[32m\"0\"\u001b[39m\n  \u001b[36m/>\u001b[39m\n\n  Name \"\":\n  \u001b[36m<div\u001b[39m\n    \u001b[33maria-controls\u001b[39m=\u001b[32m\":r5:\"\u001b[39m\n    \u001b[33maria-expanded\u001b[39m=\u001b[32m\"false\"\u001b[39m\n    \u001b[33maria-haspopup\u001b[39m=\u001b[32m\"listbox\"\u001b[39m\n    \u001b[33mclass\u001b[39m=\u001b[32m\"MuiSelect-select MuiSelect-outlined MuiInputBase-input MuiOutlinedInput-input css-w76bbz-MuiSelect-select-MuiInputBase-input-MuiOutlinedInput-input\"\u001b[39m\n    \u001b[33mrole\u001b[39m=\u001b[32m\"combobox\"\u001b[39m\n    \u001b[33mtabindex\u001b[39m=\u001b[32m\"0\"\u001b[39m\n  \u001b[36m/>\u001b[39m\n\n  --------------------------------------------------\n  img:\n\n  Name \"Spicy Basil Chicken\":\n  \u001b[36m<img\u001b[39m\n    \u001b[33malt\u001b[39m=\u001b[32m\"Spicy Basil Chicken\"\u001b[39m\n    \u001b[33mclass\u001b[39m=\u001b[32m\"MuiCardMedia-root MuiCardMedia-media MuiCardMedia-img css-7r0uv5-MuiCardMedia-root\"\u001b[39m\n    \u001b[33msrc\u001b[39m=\u001b[32m\"https://example.com/spicy-basil.jpg\"\u001b[39m\n  \u001b[36m/>\u001b[39m\n\n  Name \"Vegan Chocolate Cake\":\n  \u001b[36m<img\u001b[39m\n    \u001b[33malt\u001b[39m=\u001b[32m\"Vegan Chocolate Cake\"\u001b[39m\n    \u001b[33mclass\u001b[39m=\u001b[32m\"MuiCardMedia-root MuiCardMedia-media MuiCardMedia-img css-7r0uv5-MuiCardMedia-root\"\u001b[39m\n    \u001b[33msrc\u001b[39m=\u001b[32m\"https://example.com/cake.jpg\"\u001b[39m\n  \u001b[36m/>\u001b[39m\n\n  --------------------------------------------------\n  paragraph:\n\n  Name \"\":\n  \u001b[36m<p\u001b[39m\n    \u001b[33mclass\u001b[39m=\u001b[32m\"MuiTypography-root MuiTypography-body2 css-1a1whku-MuiTypography-root\"\u001b[39m\n  \u001b[36m/>\u001b[39m\n\n  Name \"\":\n  \u001b[36m<p\u001b[39m\n    \u001b[33mclass\u001b[39m=\u001b[32m\"MuiTypography-root MuiTypography-body2 css-1a1whku-MuiTypography-root\"\u001b[39m\n  \u001b[36m/>\u001b[39m\n\n  Name \"\":\n  \u001b[36m<p\u001b[39m\n    \u001b[33mclass\u001b[39m=\u001b[32m\"MuiTypography-root MuiTypography-body2 css-1a1whku-MuiTypography-root\"\u001b[39m\n  \u001b[36m/>\u001b[39m\n\n  Name \"\":\n  \u001b[36m<p\u001b[39m\n    \u001b[33mclass\u001b[39m=\u001b[32m\"MuiTypography-root MuiTypography-body2 css-1a1whku-MuiTypography-root\"\u001b[39m\n  \u001b[36m/>\u001b[39m\n\n  --------------------------------------------------\n  button:\n\n  Name \"spicy\":\n  \u001b[36m<div\u001b[39m\n    \u001b[33mclass\u001b[39m=\u001b[32m\"MuiButtonBase-root MuiChip-root MuiChip-filled MuiChip-sizeMedium MuiChip-colorDefault MuiChip-clickable MuiChip-clickableColorDefault MuiChip-filledDefault css-bjajlz-MuiButtonBase-root-MuiChip-root\"\u001b[39m\n    \u001b[33mrole\u001b[39m=\u001b[32m\"button\"\u001b[39m\n    \u001b[33mtabindex\u001b[39m=\u001b[32m\"0\"\u001b[39m\n  \u001b[36m/>\u001b[39m\n\n  Name \"chicken\":\n  \u001b[36m<div\u001b[39m\n    \u001b[33mclass\u001b[39m=\u001b[32m\"MuiButtonBase-root MuiChip-root MuiChip-filled MuiChip-sizeMedium MuiChip-colorDefault MuiChip-clickable MuiChip-clickableColorDefault MuiChip-filledDefault css-bjajlz-MuiButtonBase-root-MuiChip-root\"\u001b[39m\n    \u001b[33mrole\u001b[39m=\u001b[32m\"button\"\u001b[39m\n    \u001b[33mtabindex\u001b[39m=\u001b[32m\"0\"\u001b[39m\n  \u001b[36m/>\u001b[39m\n\n  Name \"View Recipe\":\n  \u001b[36m<button\u001b[39m\n    \u001b[33mclass\u001b[39m=\u001b[32m\"MuiButtonBase-root MuiButton-root MuiButton-outlined MuiButton-outlinedPrimary MuiButton-sizeSmall MuiButton-outlinedSizeSmall MuiButton-colorPrimary MuiButton-root MuiButton-outlined MuiButton-outlinedPrimary MuiButton-sizeSmall MuiButton-outlinedSizeSmall MuiButton-colorPrimary css-8o0s0w-MuiButtonBase-root-MuiButton-root\"\u001b[39m\n    \u001b[33mtabindex\u001b[39m=\u001b[32m\"0\"\u001b[39m\n    \u001b[33mtype\u001b[39m=\u001b[32m\"button\"\u001b[39m\n  \u001b[36m/>\u001b[39m\n\n  Name \"vegan\":\n  \u001b[36m<div\u001b[39m\n    \u001b[33mclass\u001b[39m=\u001b[32m\"MuiButtonBase-root MuiChip-root MuiChip-filled MuiChip-sizeMedium MuiChip-colorDefault MuiChip-clickable MuiChip-clickableColorDefault MuiChip-filledDefault css-bjajlz-MuiButtonBase-root-MuiChip-root\"\u001b[39m\n    \u001b[33mrole\u001b[39m=\u001b[32m\"button\"\u001b[39m\n    \u001b[33mtabindex\u001b[39m=\u001b[32m\"0\"\u001b[39m\n  \u001b[36m/>\u001b[39m\n\n  Name \"sweet\":\n  \u001b[36m<div\u001b[39m\n    \u001b[33mclass\u001b[39m=\u001b[32m\"MuiButtonBase-root MuiChip-root MuiChip-filled MuiChip-sizeMedium MuiChip-colorDefault MuiChip-clickable MuiChip-clickableColorDefault MuiChip-filledDefault css-bjajlz-MuiButtonBase-root-MuiChip-root\"\u001b[39m\n    \u001b[33mrole\u001b[39m=\u001b[32m\"button\"\u001b[39m\n    \u001b[33mtabindex\u001b[39m=\u001b[32m\"0\"\u001b[39m\n  \u001b[36m/>\u001b[39m\n\n  Name \"View Recipe\":\n  \u001b[36m<button\u001b[39m\n    \u001b[33mclass\u001b[39m=\u001b[32m\"MuiButtonBase-root MuiButton-root MuiButton-outlined MuiButton-outlinedPrimary MuiButton-sizeSmall MuiButton-outlinedSizeSmall MuiButton-colorPrimary MuiButton-root MuiButton-outlined MuiButton-outlinedPrimary MuiButton-sizeSmall MuiButton-outlinedSizeSmall MuiButton-colorPrimary css-8o0s0w-MuiButtonBase-root-MuiButton-root\"\u001b[39m\n    \u001b[33mtabindex\u001b[39m=\u001b[32m\"0\"\u001b[39m\n    \u001b[33mtype\u001b[39m=\u001b[32m\"button\"\u001b[39m\n  \u001b[36m/>\u001b[39m\n\n  --------------------------------------------------\n\nIgnored nodes: comments, script, style\n\u001b[36m<body>\u001b[39m\n  \u001b[36m<div>\u001b[39m\n    \u001b[36m<div\u001b[39m\n      \u001b[33mclass\u001b[39m=\u001b[32m\"MuiBox-root css-6peeud\"\u001b[39m\n    \u001b[36m>\u001b[39m\n      \u001b[36m<h4\u001b[39m\n        \u001b[33mclass\u001b[39m=\u001b[32m\"MuiTypography-root MuiTypography-h4 css-1nryzpx-MuiTypography-root\"\u001b[39m\n      \u001b[36m>\u001b[39m\n        \u001b[0mAvailable Recipes\u001b[0m\n      \u001b[36m</h4>\u001b[39m\n      \u001b[36m<div\u001b[39m\n        \u001b[33mclass\u001b[39m=\u001b[32m\"MuiBox-root css-p5boax\"\u001b[39m\n      \u001b[36m>\u001b[39m\n        \u001b[36m<div\u001b[39m\n          \u001b[33mclass\u001b[39m=\u001b[32m\"MuiFormControl-root css-1lo99t4-MuiFormControl-root\"\u001b[39m\n        \u001b[36m>\u001b[39m\n          \u001b[36m<label\u001b[39m\n            \u001b[33mclass\u001b[39m=\u001b[32m\"MuiFormLabel-root MuiInputLabel-root MuiInputLabel-formControl MuiInputLabel-animated MuiInputLabel-sizeMedium MuiInputLabel-outlined MuiFormLabel-colorPrimary MuiInputLabel-root MuiInputLabel-formControl MuiInputLabel-animated MuiInputLabel-sizeMedium MuiInputLabel-outlined css-19qnlrw-MuiFormLabel-root-MuiInputLabel-root\"\u001b[39m\n            \u001b[33mdata-shrink\u001b[39m=\u001b[32m\"false\"\u001b[39m\n          \u001b[36m>\u001b[39m\n            \u001b[0mCategory\u001b[0m\n          \u001b[36m</label>\u001b[39m\n          \u001b[36m<div\u001b[39m\n            \u001b[33mclass\u001b[39m=\u001b[32m\"MuiInputBase-root MuiOutlinedInput-root MuiInputBase-colorPrimary MuiInputBase-formControl css-sc8y68-MuiInputBase-root-MuiOutlinedInput-root-MuiSelect-root\"\u001b[39m\n          \u001b[36m>\u001b[39m\n            \u001b[36m<div\u001b[39m\n              \u001b[33maria-controls\u001b[39m=\u001b[32m\":r4:\"\u001b[39m\n              \u001b[33maria-expanded\u001b[39m=\u001b[32m\"false\"\u001b[39m\n              \u001b[33maria-haspopup\u001b[39m=\u001b[32m\"listbox\"\u001b[39m\n              \u001b[33mclass\u001b[39m=\u001b[32m\"MuiSelect-select MuiSelect-outlined MuiInputBase-input MuiOutlinedInput-input css-w76bbz-MuiSelect-select-MuiInputBase-input-MuiOutlinedInput-input\"\u001b[39m\n              \u001b[33mrole\u001b[39m=\u001b[32m\"combobox\"\u001b[39m\n              \u001b[33mtabindex\u001b[39m=\u001b[32m\"0\"\u001b[39m\n            \u001b[36m>\u001b[39m\n              \u001b[36m<span\u001b[39m\n                \u001b[33maria-hidden\u001b[39m=\u001b[32m\"true\"\u001b[39m\n                \u001b[33mclass\u001b[39m=\u001b[32m\"notranslate\"\u001b[39m\n              \u001b[36m>\u001b[39m\n                \u001b[0m​\u001b[0m\n              \u001b[36m</span>\u001b[39m\n            \u001b[36m</div>\u001b[39m\n            \u001b[36m<input\u001b[39m\n              \u001b[33maria-hidden\u001b[39m=\u001b[32m\"true\"\u001b[39m\n              \u001b[33maria-invalid\u001b[39m=\u001b[32m\"false\"\u001b[39m\n              \u001b[33mclass\u001b[39m=\u001b[32m\"MuiSelect-nativeInput css-j0riat-MuiSelect-nativeInput\"\u001b[39m\n              \u001b[33mtabindex\u001b[39m=\u001b[32m\"-1\"\u001b[39m\n              \u001b[33mvalue\u001b[39m=\u001b[32m\"\"\u001b[39m\n            \u001b[36m/>\u001b[39m\n            \u001b[36m<svg\u001b[39m\n              \u001b[33maria-hidden\u001b[39m=\u001b[32m\"true\"\u001b[39m\n              \u001b[33mclass\u001b[39m=\u001b[32m\"MuiSvgIcon-root MuiSvgIcon-fontSizeMedium MuiSelect-icon MuiSelect-iconOutlined css-lohd6h-MuiSvgIcon-root-MuiSelect-icon\"\u001b[39m\n              \u001b[33mdata-testid\u001b[39m=\u001b[32m\"ArrowDropDownIcon\"\u001b[39m\n              \u001b[33mfocusable\u001b[39m=\u001b[32m\"false\"\u001b[39m\n              \u001b[33mviewBox\u001b[39m=\u001b[32m\"0 0 24 24\"\u001b[39m\n            \u001b[36m>\u001b[39m\n              \u001b[36m<path\u001b[39m\n                \u001b[33md\u001b[39m=\u001b[32m\"M7 10l5 5 5-5z\"\u001b[39m\n              \u001b[36m/>\u001b[39m\n            \u001b[36m</svg>\u001b[39m\n            \u001b[36m<fieldset\u001b[39m\n              \u001b[33maria-hidden\u001b[39m=\u001b[32m\"true\"\u001b[39m\n              \u001b[33mclass\u001b[39m=\u001b[32m\"MuiOutlinedInput-notchedOutline css-1ll44ll-MuiOutlinedInput-notchedOutline\"\u001b[39m\n            \u001b[36m>\u001b[39m\n              \u001b[36m<legend\u001b[39m\n                \u001b[33mclass\u001b[39m=\u001b[32m\"css-81qg8w\"\u001b[39m\n              \u001b[36m>\u001b[39m\n                \u001b[36m<span>\u001b[39m\n                  \u001b[0mCategory\u001b[0m\n                \u001b[36m</span>\u001b[39m\n              \u001b[36m</legend>\u001b[39m\n            \u001b[36m</fieldset>\u001b[39m\n          \u001b[36m</div>\u001b[39m\n        \u001b[36m</div>\u001b[39m\n        \u001b[36m<div\u001b[39m\n          \u001b[33mclass\u001b[39m=\u001b[32m\"MuiFormControl-root css-1lo99t4-MuiFormControl-root\"\u001b[39m\n        \u001b[36m>\u001b[39m\n          \u001b[36m<label\u001b[39m\n            \u001b[33mclass\u001b[39m=\u001b[32m\"MuiFormLabel-root MuiInputLabel-root MuiInputLabel-formControl MuiInputLabel-animated MuiInputLabel-sizeMedium MuiInputLabel-outlined MuiFormLabel-colorPrimary MuiInputLabel-root MuiInputLabel-formControl MuiInputLabel-animated MuiInputLabel-sizeMedium MuiInputLabel-outlined css-19qnlrw-MuiFormLabel-root-MuiInputLabel-root\"\u001b[39m\n            \u001b[33mdata-shrink\u001b[39m=\u001b[32m\"false\"\u001b[39m\n          \u001b[36m>\u001b[39m\n            \u001b[0mTag\u001b[0m\n          \u001b[36m</label>\u001b[39m\n          \u001b[36m<div\u001b[39m\n            \u001b[33mclass\u001b[39m=\u001b[32m\"MuiInputBase-root MuiOutlinedInput-root MuiInputBase-colorPrimary MuiInputBase-formControl css-sc8y68-MuiInputBase-root-MuiOutlinedInput-root-MuiSelect-root\"\u001b[39m\n          \u001b[36m>\u001b[39m\n            \u001b[36m<div\u001b[39m\n              \u001b[33maria-controls\u001b[39m=\u001b[32m\":r5:\"\u001b[39m\n              \u001b[33maria-expanded\u001b[39m=\u001b[32m\"false\"\u001b[39m\n              \u001b[33maria-haspopup\u001b[39m=\u001b[32m\"listbox\"\u001b[39m\n              \u001b[33mclass\u001b[39m=\u001b[32m\"MuiSelect-select MuiSelect-outlined MuiInputBase-input MuiOutlinedInput-input css-w76bbz-MuiSelect-select-MuiInputBase-input-MuiOutlinedInput-input\"\u001b[39m\n              \u001b[33mrole\u001b[39m=\u001b[32m\"combobox\"\u001b[39m\n              \u001b[33mtabindex\u001b[39m=\u001b[32m\"0\"\u001b[39m\n            \u001b[36m>\u001b[39m\n              \u001b[36m<span\u001b[39m\n                \u001b[33maria-hidden\u001b[39m=\u001b[32m\"true\"\u001b[39m\n                \u001b[33mclass\u001b[39m=\u001b[32m\"notranslate\"\u001b[39m\n              \u001b[36m>\u001b[39m\n                \u001b[0m​\u001b[0m\n              \u001b[36m</span>\u001b[39m\n            \u001b[36m</div>\u001b[39m\n            \u001b[36m<input\u001b[39m\n              \u001b[33maria-hidden\u001b[39m=\u001b[32m\"true\"\u001b[39m\n              \u001b[33maria-invalid\u001b[39m=\u001b[32m\"false\"\u001b[39m\n              \u001b[33mclass\u001b[39m=\u001b[32m\"MuiSelect-nativeInput css-j0riat-MuiSelect-nativeInput\"\u001b[39m\n              \u001b[33mtabindex\u001b[39m=\u001b[32m\"-1\"\u001b[39m\n              \u001b[33mvalue\u001b[39m=\u001b[32m\"\"\u001b[39m\n            \u001b[36m/>\u001b[39m\n            \u001b[36m<svg\u001b[39m\n              \u001b[33maria-hidden\u001b[39m=\u001b[32m\"true\"\u001b[39m\n              \u001b[33mclass\u001b[39m=\u001b[32m\"MuiSvgIcon-root MuiSvgIcon-fontSizeMedium MuiSelect-icon MuiSelect-iconOutlined css-lohd6h-MuiSvgIcon-root-MuiSelect-icon\"\u001b[39m\n              \u001b[33mdata-testid\u001b[39m=\u001b[32m\"ArrowDropDownIcon\"\u001b[39m\n              \u001b[33mfocusable\u001b[39m=\u001b[32m\"false\"\u001b[39m\n              \u001b[33mviewBox\u001b[39m=\u001b[32m\"0 0 24 24\"\u001b[39m\n            \u001b[36m>\u001b[39m\n              \u001b[36m<path\u001b[39m\n                \u001b[33md\u001b[39m=\u001b[32m\"M7 10l5 5 5-5z\"\u001b[39m\n              \u001b[36m/>\u001b[39m\n            \u001b[36m</svg>\u001b[39m\n            \u001b[36m<fieldset\u001b[39m\n              \u001b[33maria-hidden\u001b[39m=\u001b[32m\"true\"\u001b[39m\n              \u001b[33mclass\u001b[39m=\u001b[32m\"MuiOutlinedInput-notchedOutline css-1ll44ll-MuiOutlinedInput-notchedOutline\"\u001b[39m\n            \u001b[36m>\u001b[39m\n              \u001b[36m<legend\u001b[39m\n                \u001b[33mclass\u001b[39m=\u001b[32m\"css-81qg8w\"\u001b[39m\n              \u001b[36m>\u001b[39m\n                \u001b[36m<span>\u001b[39m\n                  \u001b[0mTag\u001b[0m\n                \u001b[36m</span>\u001b[39m\n              \u001b[36m</legend>\u001b[39m\n            \u001b[36m</fieldset>\u001b[39m\n          \u001b[36m</div>\u001b[39m\n        \u001b[36m</div>\u001b[39m\n      \u001b[36m</div>\u001b[39m\n      \u001b[36m<div\u001b[39m\n        \u001b[33mclass\u001b[39m=\u001b[32m\"MuiGrid-root MuiGrid-container MuiGrid-spacing-xs-2 css-11nsb57-MuiGrid-root\"\u001b[39m\n      \u001b[36m>\u001b[39m\n        \u001b[36m<div\u001b[39m\n          \u001b[33mclass\u001b[39m=\u001b[32m\"MuiGrid-root MuiGrid-item MuiGrid-grid-xs-12 Mui...\n    at Object.getElementError (/Users/nolanrobinson/Documents/Project/TF-new-not-MS/tf_frontend/node_modules/@testing-library/dom/dist/config.js:37:19)\n    at /Users/nolanrobinson/Documents/Project/TF-new-not-MS/tf_frontend/node_modules/@testing-library/dom/dist/query-helpers.js:76:38\n    at /Users/nolanrobinson/Documents/Project/TF-new-not-MS/tf_frontend/node_modules/@testing-library/dom/dist/query-helpers.js:52:17\n    at /Users/nolanrobinson/Documents/Project/TF-new-not-MS/tf_frontend/node_modules/@testing-library/dom/dist/query-helpers.js:95:19\n    at getByRole (/Users/nolanrobinson/Documents/Project/TF-new-not-MS/tf_frontend/src/__tests__/pages/available_recipes.test.js:183:30)\n    at call (/Users/nolanrobinson/Documents/Project/TF-new-not-MS/tf_frontend/src/__tests__/pages/available_recipes.test.js:2:1)\n    at Generator.tryCatch (/Users/nolanrobinson/Documents/Project/TF-new-not-MS/tf_frontend/src/__tests__/pages/available_recipes.test.js:2:1)\n    at Generator._invoke [as next] (/Users/nolanrobinson/Documents/Project/TF-new-not-MS/tf_frontend/src/__tests__/pages/available_recipes.test.js:2:1)\n    at asyncGeneratorStep (/Users/nolanrobinson/Documents/Project/TF-new-not-MS/tf_frontend/src/__tests__/pages/available_recipes.test.js:2:1)\n    at asyncGeneratorStep (/Users/nolanrobinson/Documents/Project/TF-new-not-MS/tf_frontend/src/__tests__/pages/available_recipes.test.js:2:1)"],"fullName":"AvailableRecipesPage filters recipes by tag","invocations":1,"location":null,"numPassingAsserts":1,"retryReasons":[],"status":"failed","title":"filters recipes by tag"},{"ancestorTitles":["AvailableRecipesPage"],"duration":37,"failureDetails":[],"failureMessages":[],"fullName":"AvailableRecipesPage navigates to recipe details on View Recipe click","invocations":1,"location":null,"numPassingAsserts":3,"retryReasons":[],"status":"passed","title":"navigates to recipe details on View Recipe click"},{"ancestorTitles":["AvailableRecipesPage"],"duration":33,"failureDetails":[],"failureMessages":[],"fullName":"AvailableRecipesPage navigates to tag page on tag chip click","invocations":1,"location":null,"numPassingAsserts":2,"retryReasons":[],"status":"passed","title":"navigates to tag page on tag chip click"}],"endTime":1743016160651,"message":"\u001b[1m\u001b[31m  \u001b[1m● \u001b[22m\u001b[1mAvailableRecipesPage › renders recipes with filters when data is available\u001b[39m\u001b[22m\n\n    Unable to find role=\"combobox\" and name `/category/i`\n\n    Ignored nodes: comments, script, style\n    \u001b[36m<body>\u001b[39m\n      \u001b[36m<div>\u001b[39m\n        \u001b[36m<div\u001b[39m\n          \u001b[33mclass\u001b[39m=\u001b[32m\"MuiBox-root css-6peeud\"\u001b[39m\n        \u001b[36m>\u001b[39m\n          \u001b[36m<h4\u001b[39m\n            \u001b[33mclass\u001b[39m=\u001b[32m\"MuiTypography-root MuiTypography-h4 css-1nryzpx-MuiTypography-root\"\u001b[39m\n          \u001b[36m>\u001b[39m\n            \u001b[0mAvailable Recipes\u001b[0m\n          \u001b[36m</h4>\u001b[39m\n          \u001b[36m<div\u001b[39m\n            \u001b[33mclass\u001b[39m=\u001b[32m\"MuiBox-root css-p5boax\"\u001b[39m\n          \u001b[36m>\u001b[39m\n            \u001b[36m<div\u001b[39m\n              \u001b[33mclass\u001b[39m=\u001b[32m\"MuiFormControl-root css-1lo99t4-MuiFormControl-root\"\u001b[39m\n            \u001b[36m>\u001b[39m\n              \u001b[36m<label\u001b[39m\n                \u001b[33mclass\u001b[39m=\u001b[32m\"MuiFormLabel-root MuiInputLabel-root MuiInputLabel-formControl MuiInputLabel-animated MuiInputLabel-sizeMedium MuiInputLabel-outlined MuiFormLabel-colorPrimary MuiInputLabel-root MuiInputLabel-formControl MuiInputLabel-animated MuiInputLabel-sizeMedium MuiInputLabel-outlined css-19qnlrw-MuiFormLabel-root-MuiInputLabel-root\"\u001b[39m\n                \u001b[33mdata-shrink\u001b[39m=\u001b[32m\"false\"\u001b[39m\n              \u001b[36m>\u001b[39m\n                \u001b[0mCategory\u001b[0m\n              \u001b[36m</label>\u001b[39m\n              \u001b[36m<div\u001b[39m\n                \u001b[33mclass\u001b[39m=\u001b[32m\"MuiInputBase-root MuiOutlinedInput-root MuiInputBase-colorPrimary MuiInputBase-formControl css-sc8y68-MuiInpu
[...]
      \u001b[33mclass\u001b[39m=\u001b[32m\"MuiTypography-root MuiTypography-h4 css-1nryzpx-MuiTypography-root\"\u001b[39m\n      \u001b[36m/>\u001b[39m\n\n      Name \"Spicy Basil Chicken\":\n      \u001b[36m<h6\u001b[39m\n        \u001b[33mclass\u001b[39m=\u001b[32m\"MuiTypography-root MuiTypography-h6 css-h9fkkg-MuiTypography-root\"\u001b[39m\n      \u001b[36m/>\u001b[39m\n\n      Name \"Vegan Chocolate Cake\":\n      \u001b[36m<h6\u001b[39m\n        \u001b[33mclass\u001b[39m=\u001b[32m\"MuiTypography-root MuiTypography-h6 css-h9fkkg-MuiTypography-root\"\u001b[39m\n      \u001b[36m/>\u001b[39m\n\n      --------------------------------------------------\n      combobox:\n\n      Name \"\":\n      \u001b[36m<div\u001b[39m\n        \u001b[33maria-controls\u001b[39m=\u001b[32m\":r4:\"\u001b[39m\n        \u001b[33maria-expanded\u001b[39m=\u001b[32m\"false\"\u001b[39m\n        \u001b[33maria-haspopup\u001b[39m=\u001b[32m\"listbox\"\u001b[39m\n        \u001b[33mclass\u001b[39m=\u001b[32m\"MuiSelect-select MuiSelect-outlined MuiInputBase-input MuiOutlinedInput-input css-w76bbz-MuiSelect-select-MuiInputBase-input-MuiOutlinedInput-input\"\u001b[39m\n        \u001b[33mrole\u001b[39m=\u001b[32m\"combobox\"\u001b[39m\n        \u001b[33mtabindex\u001b[39m=\u001b[32m\"0\"\u001b[39m\n      \u001b[36m/>\u001b[39m\n\n      Name \"\":\n      \u001b[36m<div\u001b[39m\n        \u001b[33maria-controls\u001b[39m=\u001b[32m\":r5:\"\u001b[39m\n        \u001b[33maria-expanded\u001b[39m=\u001b[32m\"false\"\u001b[39m\n        \u001b[33maria-haspopup\u001b[39m=\u001b[32m\"listbox\"\u001b[39m\n        \u001b[33mclass\u001b[39m=\u001b[32m\"MuiSelect-select MuiSelect-outlined MuiInputBase-input MuiOutlinedInput-input css-w76bbz-MuiSelect-select-MuiInputBase-input-MuiOutlinedInput-input\"\u001b[39m\n        \u001b[33mrole\u001b[39m=\u001b[32m\"combobox\"\u001b[39m\n        \u001b[33mtabindex\u001b[39m=\u001b[32m\"0\"\u001b[39m\n      \u001b[36m/>\u001b[39m\n\n      --------------------------------------------------\n      img:\n\n      Name \"Spicy Basil Chicken\":\n      \u001b[36m<img\u001b[39m\n        \u001b[33malt\u001b[39m=\u001b[32m\"Spicy Basil Chicken\"\u001b[39m\n        \u001b[33mclass\u001b[39m=\u001b[32m\"MuiCardMedia-root MuiCardMedia-media MuiCardMedia-img css-7r0uv5-MuiCardMedia-root\"\u001b[39m\n        \u001b[33msrc\u001b[39m=\u001b[32m\"https://example.com/spicy-basil.jpg\"\u001b[39m\n      \u001b[36m/>\u001b[39m\n\n      Name \"Vegan Chocolate Cake\":\n      \u001b[36m<img\u001b[39m\n        \u001b[33malt\u001b[39m=\u001b[32m\"Vegan Chocolate Cake\"\u001b[39m\n        \u001b[33mclass\u001b[39m=\u001b[32m\"MuiCardMedia-root MuiCardMedia-media MuiCardMedia-img css-7r0uv5-MuiCardMedia-root\"\u001b[39m\n        \u001b[33msrc\u001b[39m=\u001b[32m\"https://example.com/cake.jpg\"\u001b[39m\n      \u001b[36m/>\u001b[39m\n\n      --------------------------------------------------\n      paragraph:\n\n      Name \"\":\n      \u001b[36m<p\u001b[39m\n        \u001b[33mclass\u001b[39m=\u001b[32m\"MuiTypography-root MuiTypography-body2 css-1a1whku-MuiTypography-root\"\u001b[39m\n      \u001b[36m/>\u001b[39m\n\n      Name \"\":\n      \u001b[36m<p\u001b[39m\n        \u001b[33mclass\u001b[39m=\u001b[32m\"MuiTypography-root MuiTypography-body2 css-1a1whku-MuiTypography-root\"\u001b[39m\n      \u001b[36m/>\u001b[39m\n\n      Name \"\":\n      \u001b[36m<p\u001b[39m\n        \u001b[33mclass\u001b[39m=\u001b[32m\"MuiTypography-root MuiTypography-body2 css-1a1whku-MuiTypography-root\"\u001b[39m\n      \u001b[36m/>\u001b[39m\n\n      Name \"\":\n      \u001b[36m<p\u001b[39m\n        \u001b[33mclass\u001b[39m=\u001b[32m\"MuiTypography-root MuiTypography-body2 css-1a1whku-MuiTypography-root\"\u001b[39m\n      \u001b[36m/>\u001b[39m\n\n      --------------------------------------------------\n      button:\n\n      Name \"spicy\":\n      \u001b[36m<div\u001b[39m\n        \u001b[33mclass\u001b[39m=\u001b[32m\"MuiButtonBase-root MuiChip-root MuiChip-filled MuiChip-sizeMedium MuiChip-colorDefault MuiChip-clickable MuiChip-clickableColorDefault MuiChip-filledDefault css-bjajlz-MuiButtonBase-root-MuiChip-root\"\u001b[39m\n        \u001b[33mrole\u001b[39m=\u001b[32m\"button\"\u001b[39m\n        \u001b[33mtabindex\u001b[39m=\u001b[32m\"0\"\u001b[39m\n      \u001b[36m/>\u001b[39m\n\n      Name \"chicken\":\n      \u001b[36m<div\u001b[39m\n        \u001b[33mclass\u001b[39m=\u001b[32m\"MuiButtonBase-root MuiChip-root MuiChip-filled MuiChip-sizeMedium MuiChip-colorDefault MuiChip-clickable MuiChip-clickableColorDefault MuiChip-filledDefault css-bjajlz-MuiButtonBase-root-MuiChip-root\"\u001b[39m\n        \u001b[33mrole\u001b[39m=\u001b[32m\"button\"\u001b[39m\n        \u001b[33mtabindex\u001b[39m=\u001b[32m\"0\"\u001b[39m\n      \u001b[36m/>\u001b[39m\n\n      Name \"View Recipe\":\n      \u001b[36m<button\u001b[39m\n        \u001b[33mclass\u001b[39m=\u001b[32m\"MuiButtonBase-root MuiButton-root MuiButton-outlined MuiButton-outlinedPrimary MuiButton-sizeSmall MuiButton-outlinedSizeSmall MuiButton-colorPrimary MuiButton-root MuiButton-outlined MuiButton-outlinedPrimary MuiButton-sizeSmall MuiButton-outlinedSizeSmall MuiButton-colorPrimary css-8o0s0w-MuiButtonBase-root-MuiButton-root\"\u001b[39m\n        \u001b[33mtabindex\u001b[39m=\u001b[32m\"0\"\u001b[39m\n        \u001b[33mtype\u001b[39m=\u001b[32m\"button\"\u001b[39m\n      \u001b[36m/>\u001b[39m\n\n      Name \"vegan\":\n      \u001b[36m<div\u001b[39m\n        \u001b[33mclass\u001b[39m=\u001b[32m\"MuiButtonBase-root MuiChip-root MuiChip-filled MuiChip-sizeMedium MuiChip-colorDefault MuiChip-clickable MuiChip-clickableColorDefault MuiChip-filledDefault css-bjajlz-MuiButtonBase-root-MuiChip-root\"\u001b[39m\n        \u001b[33mrole\u001b[39m=\u001b[32m\"button\"\u001b[39m\n        \u001b[33mtabindex\u001b[39m=\u001b[32m\"0\"\u001b[39m\n      \u001b[36m/>\u001b[39m\n\n      Name \"sweet\":\n      \u001b[36m<div\u001b[39m\n        \u001b[33mclass\u001b[39m=\u001b[32m\"MuiButtonBase-root MuiChip-root MuiChip-filled MuiChip-sizeMedium MuiChip-colorDefault MuiChip-clickable MuiChip-clickableColorDefault MuiChip-filledDefault css-bjajlz-MuiButtonBase-root-MuiChip-root\"\u001b[39m\n        \u001b[33mrole\u001b[39m=\u001b[32m\"button\"\u001b[39m\n        \u001b[33mtabindex\u001b[39m=\u001b[32m\"0\"\u001b[39m\n      \u001b[36m/>\u001b[39m\n\n      Name \"View Recipe\":\n      \u001b[36m<button\u001b[39m\n        \u001b[33mclass\u001b[39m=\u001b[32m\"MuiButtonBase-root MuiButton-root MuiButton-outlined MuiButton-outlinedPrimary MuiButton-sizeSmall MuiButton-outlinedSizeSmall MuiButton-colorPrimary MuiButton-root MuiButton-outlined MuiButton-outlinedPrimary MuiButton-sizeSmall MuiButton-outlinedSizeSmall MuiButton-colorPrimary css-8o0s0w-MuiButtonBase-root-MuiButton-root\"\u001b[39m\n        \u001b[33mtabindex\u001b[39m=\u001b[32m\"0\"\u001b[39m\n        \u001b[33mtype\u001b[39m=\u001b[32m\"button\"\u001b[39m\n      \u001b[36m/>\u001b[39m\n\n      --------------------------------------------------\n\n    Ignored nodes: comments, script, style\n    \u001b[36m<body>\u001b[39m\n      \u001b[36m<div>\u001b[39m\n        \u001b[36m<div\u001b[39m\n          \u001b[33mclass\u001b[39m=\u001b[32m\"MuiBox-root css-6peeud\"\u001b[39m\n        \u001b[36m>\u001b[39m\n          \u001b[36m<h4\u001b[39m\n            \u001b[33mclass\u001b[39m=\u001b[32m\"MuiTypography-root MuiTypography-h4 css-1nryzpx-MuiTypography-root\"\u001b[39m\n          \u001b[36m>\u001b[39m\n            \u001b[0mAvailable Recipes\u001b[0m\n          \u001b[36m</h4>\u001b[39m\n          \u001b[36m<div\u001b[39m\n            \u001b[33mclass\u001b[39m=\u001b[32m\"MuiBox-root css-p5boax\"\u001b[39m\n          \u001b[36m>\u001b[39m\n            \u001b[36m<div\u001b[39m\n              \u001b[33mclass\u001b[39m=\u001b[32m\"MuiFormControl-root css-1lo99t4-MuiFormControl-root\"\u001b[39m\n            \u001b[36m>\u001b[39m\n              \u001b[36m<label\u001b[39m\n                \u001b[33mclass\u001b[39m=\u001b[32m\"MuiFormLabel-root MuiInputLabel-root MuiInputLabel-formControl MuiInputLabel-animated MuiInputLabel-sizeMedium MuiInputLabel-outlined MuiFormLabel-colorPrimary MuiInputLabel-root MuiInputLabel-formControl MuiInputLabel-animated MuiInputLabel-sizeMedium MuiInputLabel-outlined css-19qnlrw-MuiFormLabel-root-MuiInputLabel-root\"\u001b[39m\n                \u001b[33mdata-shrink\u001b[39m=\u001b[32m\"false\"\u001b[39m\n              \u001b[36m>\u001b[39m\n                \u001b[0mCategory\u001b[0m\n              \u001b[36m</label>\u001b[39m\n              \u001b[36m<div\u001b[39m\n                \u001b[33mclass\u001b[39m=\u001b[32m\"MuiInputBase-root MuiOutlinedInput-root MuiInputBase-colorPrimary MuiInputBase-formControl css-sc8y68-MuiInputBase-root-MuiOutlinedInput-root-MuiSelect-root\"\u001b[39m\n              \u001b[36m>\u001b[39m\n                \u001b[36m<div\u001b[39m\n                  \u001b[33maria-controls\u001b[39m=\u001b[32m\":r4:\"\u001b[39m\n                  \u001b[33maria-expanded\u001b[39m=\u001b[32m\"false\"\u001b[39m\n                  \u001b[33maria-haspopup\u001b[39m=\u001b[32m\"listbox\"\u001b[39m\n                  \u001b[33mclass\u001b[39m=\u001b[32m\"MuiSelect-select MuiSelect-outlined MuiInputBase-input MuiOutlinedInput-input css-w76bbz-MuiSelect-select-MuiInputBase-input-MuiOutlinedInput-input\"\u001b[39m\n                  \u001b[33mrole\u001b[39m=\u001b[32m\"combobox\"\u001b[39m\n                  \u001b[33mtabindex\u001b[39m=\u001b[32m\"0\"\u001b[39m\n                \u001b[36m>\u001b[39m\n                  \u001b[36m<span\u001b[39m\n                    \u001b[33maria-hidden\u001b[39m=\u001b[32m\"true\"\u001b[39m\n                    \u001b[33mclass\u001b[39m=\u001b[32m\"notranslate\"\u001b[39m\n                  \u001b[36m>\u001b[39m\n                    \u001b[0m​\u001b[0m\n                  \u001b[36m</span>\u001b[39m\n                \u001b[36m</div>\u001b[39m\n                \u001b[36m<input\u001b[39m\n                  \u001b[33maria-hidden\u001b[39m=\u001b[32m\"true\"\u001b[39m\n                  \u001b[33maria-invalid\u001b[39m=\u001b[32m\"false\"\u001b[39m\n                  \u001b[33mclass\u001b[39m=\u001b[32m\"MuiSelect-nativeInput css-j0riat-MuiSelect-nativeInput\"\u001b[39m\n                  \u001b[33mtabindex\u001b[39m=\u001b[32m\"-1\"\u001b[39m\n                  \u001b[33mvalue\u001b[39m=\u001b[32m\"\"\u001b[39m\n                \u001b[36m/>\u001b[39m\n                \u001b[36m<svg\u001b[39m\n                  \u001b[33maria-hidden\u001b[39m=\u001b[32m\"true\"\u001b[39m\n                  \u001b[33mclass\u001b[39m=\u001b[32m\"MuiSvgIcon-root MuiSvgIcon-fontSizeMedium MuiSelect-icon MuiSelect-iconOutlined css-lohd6h-MuiSvgIcon-root-MuiSelect-icon\"\u001b[39m\n                  \u001b[33mdata-testid\u001b[39m=\u001b[32m\"ArrowDropDownIcon\"\u001b[39m\n                  \u001b[33mfocusable\u001b[39m=\u001b[32m\"false\"\u001b[39m\n                  \u001b[33mviewBox\u001b[39m=\u001b[32m\"0 0 24 24\"\u001b[39m\n                \u001b[36m>\u001b[39m\n                  \u001b[36m<path\u001b[39m\n                    \u001b[33md\u001b[39m=\u001b[32m\"M7 10l5 5 5-5z\"\u001b[39m\n                  \u001b[36m/>\u001b[39m\n                \u001b[36m</svg>\u001b[39m\n                \u001b[36m<fieldset\u001b[39m\n                  \u001b[33maria-hidden\u001b[39m=\u001b[32m\"true\"\u001b[39m\n                  \u001b[33mclass\u001b[39m=\u001b[32m\"MuiOutlinedInput-notchedOutline css-1ll44ll-MuiOutlinedInput-notchedOutline\"\u001b[39m\n                \u001b[36m>\u001b[39m\n                  \u001b[36m<legend\u001b[39m\n                    \u001b[33mclass\u001b[39m=\u001b[32m\"css-81qg8w\"\u001b[39m\n                  \u001b[36m>\u001b[39m\n                    \u001b[36m<span>\u001b[39m\n                      \u001b[0mCategory\u001b[0m\n                    \u001b[36m</span>\u001b[39m\n                  \u001b[36m</legend>\u001b[39m\n                \u001b[36m</fieldset>\u001b[39m\n              \u001b[36m</div>\u001b[39m\n            \u001b[36m</div>\u001b[39m\n            \u001b[36m<div\u001b[39m\n              \u001b[33mclass\u001b[39m=\u001b[32m\"MuiFormControl-root css-1lo99t4-MuiFormControl-root\"\u001b[39m\n            \u001b[36m>\u001b[39m\n              \u001b[36m<label\u001b[39m\n                \u001b[33mclass\u001b[39m=\u001b[32m\"MuiFormLabel-root MuiInputLabel-root MuiInputLabel-formControl MuiInputLabel-animated MuiInputLabel-sizeMedium MuiInputLabel-outlined MuiFormLabel-colorPrimary MuiInputLabel-root MuiInputLabel-formControl MuiInputLabel-animated MuiInputLabel-sizeMedium MuiInputLabel-outlined css-19qnlrw-MuiFormLabel-root-MuiInputLabel-root\"\u001b[39m\n                \u001b[33mdata-shrink\u001b[39m=\u001b[32m\"false\"\u001b[39m\n              \u001b[36m>\u001b[39m\n                \u001b[0mTag\u001b[0m\n              \u001b[36m</label>\u001b[39m\n              \u001b[36m<div\u001b[39m\n                \u001b[33mclass\u001b[39m=\u001b[32m\"MuiInputBase-root MuiOutlinedInput-root MuiInputBase-colorPrimary MuiInputBase-formControl css-sc8y68-MuiInputBase-root-MuiOutlinedInput-root-MuiSelect-root\"\u001b[39m\n              \u001b[36m>\u001b[39m\n                \u001b[36m<div\u001b[39m\n                  \u001b[33maria-controls\u001b[39m=\u001b[32m\":r5:\"\u001b[39m\n                  \u001b[33maria-expanded\u001b[39m=\u001b[32m\"false\"\u001b[39m\n                  \u001b[33maria-haspopup\u001b[39m=\u001b[32m\"listbox\"\u001b[39m\n                  \u001b[33mclass\u001b[39m=\u001b[32m\"MuiSelect-select MuiSelect-outlined MuiInputBase-input MuiOutlinedInput-input css-w76bbz-MuiSelect-select-MuiInputBase-input-MuiOutlinedInput-input\"\u001b[39m\n                  \u001b[33mrole\u001b[39m=\u001b[32m\"combobox\"\u001b[39m\n                  \u001b[33mtabindex\u001b[39m=\u001b[32m\"0\"\u001b[39m\n                \u001b[36m>\u001b[39m\n                  \u001b[36m<span\u001b[39m\n                    \u001b[33maria-hidden\u001b[39m=\u001b[32m\"true\"\u001b[39m\n                    \u001b[33mclass\u001b[39m=\u001b[32m\"notranslate\"\u001b[39m\n                  \u001b[36m>\u001b[39m\n                    \u001b[0m​\u001b[0m\n                  \u001b[36m</span>\u001b[39m\n                \u001b[36m</div>\u001b[39m\n                \u001b[36m<input\u001b[39m\n                  \u001b[33maria-hidden\u001b[39m=\u001b[32m\"true\"\u001b[39m\n                  \u001b[33maria-invalid\u001b[39m=\u001b[32m\"false\"\u001b[39m\n                  \u001b[33mclass\u001b[39m=\u001b[32m\"MuiSelect-nativeInput css-j0riat-MuiSelect-nativeInput\"\u001b[39m\n                  \u001b[33mtabindex\u001b[39m=\u001b[32m\"-1\"\u001b[39m\n                  \u001b[33mvalue\u001b[39m=\u001b[32m\"\"\u001b[39m\n                \u001b[36m/>\u001b[39m\n                \u001b[36m<svg\u001b[39m\n                  \u001b[33maria-hidden\u001b[39m=\u001b[32m\"true\"\u001b[39m\n                  \u001b[33mclass\u001b[39m=\u001b[32m\"MuiSvgIcon-root MuiSvgIcon-fontSizeMedium MuiSelect-icon MuiSelect-iconOutlined css-lohd6h-MuiSvgIcon-root-MuiSelect-icon\"\u001b[39m\n                  \u001b[33mdata-testid\u001b[39m=\u001b[32m\"ArrowDropDownIcon\"\u001b[39m\n                  \u001b[33mfocusable\u001b[39m=\u001b[32m\"false\"\u001b[39m\n                  \u001b[33mviewBox\u001b[39m=\u001b[32m\"0 0 24 24\"\u001b[39m\n                \u001b[36m>\u001b[39m\n                  \u001b[36m<path\u001b[39m\n                    \u001b[33md\u001b[39m=\u001b[32m\"M7 10l5 5 5-5z\"\u001b[39m\n                  \u001b[36m/>\u001b[39m\n                \u001b[36m</svg>\u001b[39m\n                \u001b[36m<fieldset\u001b[39m\n                  \u001b[33maria-hidden\u001b[39m=\u001b[32m\"true\"\u001b[39m\n                  \u001b[33mclass\u001b[39m=\u001b[32m\"MuiOutlinedInput-notchedOutline css-1ll44ll-MuiOutlinedInput-notchedOutline\"\u001b[39m\n                \u001b[36m>\u001b[39m\n                  \u001b[36m<legend\u001b[39m\n                    \u001b[33mclass\u001b[39m=\u001b[32m\"css-81qg8w\"\u001b[39m\n                  \u001b[36m>\u001b[39m\n                    \u001b[36m<span>\u001b[39m\n                      \u001b[0mTag\u001b[0m\n                    \u001b[36m</span>\u001b[39m\n                  \u001b[36m</legend>\u001b[39m\n                \u001b[36m</fieldset>\u001b[39m\n              \u001b[36m</div>\u001b[39m\n            \u001b[36m</div>\u001b[39m\n          \u001b[36m</div>\u001b[39m\n          \u001b[36m<div\u001b[39m\n            \u001b[33mclass\u001b[39m=\u001b[32m\"MuiGrid-root MuiGrid-container MuiGrid-spacing-xs-2 css-11nsb57-MuiGrid-root\"\u001b[39m\n          \u001b[36m>\u001b[39m\n            \u001b[36m<div\u001b[39m\n              \u001b[33mclass\u001b[39m=\u001b[32m\"MuiGrid-root MuiGrid-item MuiGrid-grid-xs-12 Mui...\n\u001b[2m\u001b[22m\n\u001b[2m    \u001b[0m \u001b[90m 181 |\u001b[39m     })\u001b[33m;\u001b[39m\u001b[22m\n\u001b[2m     \u001b[90m 182 |\u001b[39m\u001b[22m\n\u001b[2m    \u001b[31m\u001b[1m>\u001b[22m\u001b[2m\u001b[39m\u001b[90m 183 |\u001b[39m     \u001b[36mconst\u001b[39m tagSelect \u001b[33m=\u001b[39m screen\u001b[33m.\u001b[39mgetByRole(\u001b[32m'combobox'\u001b[39m\u001b[33m,\u001b[39m { name\u001b[33m:\u001b[39m \u001b[35m/tag/i\u001b[39m })\u001b[33m;\u001b[39m\u001b[22m\n\u001b[2m     \u001b[90m     |\u001b[39m                              \u001b[31m\u001b[1m^\u001b[22m\u001b[2m\u001b[39m\u001b[22m\n\u001b[2m     \u001b[90m 184 |\u001b[39m     fireEvent\u001b[33m.\u001b[39mmouseDown(tagSelect)\u001b[33m;\u001b[39m \u001b[90m// Open dropdown\u001b[39m\u001b[22m\n\u001b[2m     \u001b[90m 185 |\u001b[39m     \u001b[36mconst\u001b[39m spicyOption \u001b[33m=\u001b[39m screen\u001b[33m.\u001b[39mgetByRole(\u001b[32m'option'\u001b[39m\u001b[33m,\u001b[39m { name\u001b[33m:\u001b[39m \u001b[32m'spicy'\u001b[39m })\u001b[33m;\u001b[39m\u001b[22m\n\u001b[2m     \u001b[90m 186 |\u001b[39m     fireEvent\u001b[33m.\u001b[39mclick(spicyOption)\u001b[33m;\u001b[39m\u001b[0m\u001b[22m\n\u001b[2m\u001b[22m\n\u001b[2m      \u001b[2mat Object.getElementError (\u001b[22m\u001b[2mnode_modules/@testing-library/dom/dist/config.js\u001b[2m:37:19)\u001b[22m\u001b[2m\u001b[22m\n\u001b[2m      \u001b[2mat \u001b[22m\u001b[2mnode_modules/@testing-library/dom/dist/query-helpers.js\u001b[2m:76:38\u001b[22m\u001b[2m\u001b[22m\n\u001b[2m      \u001b[2mat \u001b[22m\u001b[2mnode_modules/@testing-library/dom/dist/query-helpers.js\u001b[2m:52:17\u001b[22m\u001b[2m\u001b[22m\n\u001b[2m      \u001b[2mat \u001b[22m\u001b[2mnode_modules/@testing-library/dom/dist/query-helpers.js\u001b[2m:95:19\u001b[22m\u001b[2m\u001b[22m\n\u001b[2m      \u001b[2mat getByRole (\u001b[22m\u001b[2m\u001b[0m\u001b[36msrc/__tests__/pages/available_recipes.test.js\u001b[39m\u001b[0m\u001b[2m:183:30)\u001b[22m\u001b[2m\u001b[22m\n\u001b[2m      \u001b[2mat call (\u001b[22m\u001b[2m\u001b[0m\u001b[36msrc/__tests__/pages/available_recipes.test.js\u001b[39m\u001b[0m\u001b[2m:2:1)\u001b[22m\u001b[2m\u001b[22m\n\u001b[2m      \u001b[2mat Generator.tryCatch (\u001b[22m\u001b[2m\u001b[0m\u001b[36msrc/__tests__/pages/available_recipes.test.js\u001b[39m\u001b[0m\u001b[2m:2:1)\u001b[22m\u001b[2m\u001b[22m\n\u001b[2m      \u001b[2mat Generator._invoke [as next] (\u001b[22m\u001b[2m\u001b[0m\u001b[36msrc/__tests__/pages/available_recipes.test.js\u001b[39m\u001b[0m\u001b[2m:2:1)\u001b[22m\u001b[2m\u001b[22m\n\u001b[2m      \u001b[2mat asyncGeneratorStep (\u001b[22m\u001b[2m\u001b[0m\u001b[36msrc/__tests__/pages/available_recipes.test.js\u001b[39m\u001b[0m\u001b[2m:2:1)\u001b[22m\u001b[2m\u001b[22m\n\u001b[2m      \u001b[2mat asyncGeneratorStep (\u001b[22m\u001b[2m\u001b[0m\u001b[36msrc/__tests__/pages/available_recipes.test.js\u001b[39m\u001b[0m\u001b[2m:2:1)\u001b[22m\u001b[2m\u001b[22m\n","name":"/Users/nolanrobinson/Documents/Project/TF-new-not-MS/tf_frontend/src/__tests__/pages/available_recipes.test.js","startTime":1743016155404,"status":"failed","summary":""}],"wasInterrupted":false}
